<?xml version="1.0" encoding="UTF-8"?>
<!-- Generated by org.testng.reporters.JUnitXMLReporter -->
<testsuite ignored="6" hostname="DELL-PC" failures="0" tests="135" name="Default test" time="0.929" errors="0" timestamp="09 Nov 2022 08:44:25 GMT">
  <testcase classname="scripts.Actitime" name="@BeforeTest Login" time="0.009">
    <failure type="java.lang.NullPointerException" message="Cannot invoke &amp;quot;org.openqa.selenium.WebDriver.manage()&amp;quot; because &amp;quot;utilities.SeleniumUtility.driver&amp;quot; is null">
      <![CDATA[java.lang.NullPointerException: Cannot invoke "org.openqa.selenium.WebDriver.manage()" because "utilities.SeleniumUtility.driver" is null
at utilities.SeleniumUtility.setUp(SeleniumUtility.java:59)
at scripts.Actitime.Login(Actitime.java:19)
at java.base/jdk.internal.reflect.NativeMethodAccessorImpl.invoke0(Native Method)
at java.base/jdk.internal.reflect.NativeMethodAccessorImpl.invoke(NativeMethodAccessorImpl.java:78)
at java.base/jdk.internal.reflect.DelegatingMethodAccessorImpl.invoke(DelegatingMethodAccessorImpl.java:43)
at java.base/java.lang.reflect.Method.invoke(Method.java:567)
at org.testng.internal.MethodInvocationHelper.invokeMethod(MethodInvocationHelper.java:124)
at org.testng.internal.MethodInvocationHelper.invokeMethodConsideringTimeout(MethodInvocationHelper.java:59)
at org.testng.internal.Invoker.invokeConfigurationMethod(Invoker.java:458)
at org.testng.internal.Invoker.invokeConfigurations(Invoker.java:222)
at org.testng.internal.Invoker.invokeConfigurations(Invoker.java:142)
at org.testng.TestRunner.beforeRun(TestRunner.java:529)
at org.testng.TestRunner.run(TestRunner.java:497)
at org.testng.SuiteRunner.runTest(SuiteRunner.java:455)
at org.testng.SuiteRunner.runSequentially(SuiteRunner.java:450)
at org.testng.SuiteRunner.privateRun(SuiteRunner.java:415)
at org.testng.SuiteRunner.run(SuiteRunner.java:364)
at org.testng.SuiteRunnerWorker.runSuite(SuiteRunnerWorker.java:52)
at org.testng.SuiteRunnerWorker.run(SuiteRunnerWorker.java:84)
at org.testng.TestNG.runSuitesSequentially(TestNG.java:1208)
at org.testng.TestNG.runSuitesLocally(TestNG.java:1137)
at org.testng.TestNG.runSuites(TestNG.java:1049)
at org.testng.TestNG.run(TestNG.java:1017)
at org.testng.remote.AbstractRemoteTestNG.run(AbstractRemoteTestNG.java:115)
at org.testng.remote.RemoteTestNG.initAndRun(RemoteTestNG.java:251)
at org.testng.remote.RemoteTestNG.main(RemoteTestNG.java:77)
]]>
    </failure>
  </testcase> <!-- @BeforeTest Login -->
  <testcase classname="datadriventesting.ActitimeLogin" name="@BeforeTest getData" time="0.0">
    <skipped/>
  </testcase> <!-- @BeforeTest getData -->
  <testcase classname="basictestng.AnnotationList" name="@BeforeTest f2" time="0.0">
    <skipped/>
  </testcase> <!-- @BeforeTest f2 -->
  <testcase classname="basictestng.Annotations" name="@BeforeTest setUp" time="0.0">
    <skipped/>
  </testcase> <!-- @BeforeTest setUp -->
  <testcase classname="basictestng.Annotations2" name="@BeforeTest setUp" time="0.0">
    <skipped/>
  </testcase> <!-- @BeforeTest setUp -->
  <testcase classname="assingment.Excelassingment" name="@BeforeTest getData" time="0.0">
    <skipped/>
  </testcase> <!-- @BeforeTest getData -->
  <testcase classname="extent.Extent1" name="@BeforeTest starttest" time="0.0">
    <skipped/>
  </testcase> <!-- @BeforeTest starttest -->
  <testcase classname="extent.Extent2" name="@BeforeTest startReport" time="0.0">
    <skipped/>
  </testcase> <!-- @BeforeTest startReport -->
  <testcase classname="basictestng.GoogleApplicationWithBeforeAfter" name="@BeforeTest startUp" time="0.0">
    <skipped/>
  </testcase> <!-- @BeforeTest startUp -->
  <testcase classname="basictestng.GoogleApplicationWithBeforeAfterTest" name="@BeforeTest startUp" time="0.0">
    <skipped/>
  </testcase> <!-- @BeforeTest startUp -->
  <testcase classname="scripts.OrangeHrm" name="@BeforeTest Login" time="0.0">
    <skipped/>
  </testcase> <!-- @BeforeTest Login -->
  <testcase classname="webscripts.TestCampaignPage" name="@BeforeTest Prerequisite" time="0.0">
    <skipped/>
  </testcase> <!-- @BeforeTest Prerequisite -->
  <testcase classname="basictestng.TestCaseDependency" name="@BeforeTest startUp" time="0.0">
    <skipped/>
  </testcase> <!-- @BeforeTest startUp -->
  <testcase classname="webscripts.TestLeadsPage" name="@BeforeTest prerequisite" time="0.0">
    <skipped/>
  </testcase> <!-- @BeforeTest prerequisite -->
  <testcase classname="webscripts.TestOrganization" name="@BeforeTest Prerequisite" time="0.0">
    <skipped/>
  </testcase> <!-- @BeforeTest Prerequisite -->
  <testcase classname="googleScripts.TestgoogleSearch" name="@BeforeTest testsearch" time="0.0">
    <skipped/>
  </testcase> <!-- @BeforeTest testsearch -->
  <testcase classname="extent.Extent2" name="@AfterMethod getResult" time="0.0">
    <skipped/>
  </testcase> <!-- @AfterMethod getResult -->
  <testcase classname="extent.Extent2" name="@AfterMethod getResult" time="0.0">
    <skipped/>
  </testcase> <!-- @AfterMethod getResult -->
  <testcase classname="extent.Extent2" name="@AfterMethod getResult" time="0.0">
    <skipped/>
  </testcase> <!-- @AfterMethod getResult -->
  <testcase classname="basictestng.GoogleApplicationWithBeforeAfter" name="@BeforeMethod login" time="0.0">
    <skipped/>
  </testcase> <!-- @BeforeMethod login -->
  <testcase classname="basictestng.GoogleApplicationWithBeforeAfter" name="@AfterMethod logout" time="0.0">
    <skipped/>
  </testcase> <!-- @AfterMethod logout -->
  <testcase classname="basictestng.GoogleApplicationWithBeforeAfter" name="@BeforeMethod login" time="0.0">
    <skipped/>
  </testcase> <!-- @BeforeMethod login -->
  <testcase classname="basictestng.GoogleApplicationWithBeforeAfter" name="@AfterMethod logout" time="0.0">
    <skipped/>
  </testcase> <!-- @AfterMethod logout -->
  <testcase classname="basictestng.GoogleApplicationWithBeforeAfterMethod" name="@BeforeMethod startUp" time="0.0">
    <skipped/>
  </testcase> <!-- @BeforeMethod startUp -->
  <testcase classname="basictestng.GoogleApplicationWithBeforeAfterMethod" name="@AfterMethod cleanUp" time="0.0">
    <skipped/>
  </testcase> <!-- @AfterMethod cleanUp -->
  <testcase classname="basictestng.GoogleApplicationWithBeforeAfterMethod" name="@BeforeMethod startUp" time="0.0">
    <skipped/>
  </testcase> <!-- @BeforeMethod startUp -->
  <testcase classname="basictestng.GoogleApplicationWithBeforeAfterMethod" name="@AfterMethod cleanUp" time="0.0">
    <skipped/>
  </testcase> <!-- @AfterMethod cleanUp -->
  <testcase classname="extent.Extent1" name="@AfterClass endTest" time="0.0">
    <skipped/>
  </testcase> <!-- @AfterClass endTest -->
  <testcase classname="basictestng.AnnotationList" name="@BeforeClass f3" time="0.0">
    <skipped/>
  </testcase> <!-- @BeforeClass f3 -->
  <testcase classname="basictestng.AnnotationList" name="@BeforeMethod f4" time="0.0">
    <skipped/>
  </testcase> <!-- @BeforeMethod f4 -->
  <testcase classname="basictestng.AnnotationList" name="@AfterMethod f9" time="0.0">
    <skipped/>
  </testcase> <!-- @AfterMethod f9 -->
  <testcase classname="basictestng.AnnotationList" name="@AfterClass f8" time="0.0">
    <skipped/>
  </testcase> <!-- @AfterClass f8 -->
  <testcase classname="datadriventesting.ActitimeLogin" name="@AfterTest cleanUp1" time="0.0">
    <skipped/>
  </testcase> <!-- @AfterTest cleanUp1 -->
  <testcase classname="basictestng.AnnotationList" name="@AfterTest f7" time="0.0">
    <skipped/>
  </testcase> <!-- @AfterTest f7 -->
  <testcase classname="basictestng.Annotations" name="@AfterTest cleanUp" time="0.0">
    <skipped/>
  </testcase> <!-- @AfterTest cleanUp -->
  <testcase classname="basictestng.Annotations2" name="@AfterTest cleanUp" time="0.0">
    <skipped/>
  </testcase> <!-- @AfterTest cleanUp -->
  <testcase classname="assingment.Excelassingment" name="@AfterTest cleanUp1" time="0.0">
    <skipped/>
  </testcase> <!-- @AfterTest cleanUp1 -->
  <testcase classname="extent.Extent2" name="@AfterTest endReport" time="0.0">
    <skipped/>
  </testcase> <!-- @AfterTest endReport -->
  <testcase classname="basictestng.GoogleApplicationWithBeforeAfter" name="@AfterTest cleanUp" time="0.0">
    <skipped/>
  </testcase> <!-- @AfterTest cleanUp -->
  <testcase classname="basictestng.GoogleApplicationWithBeforeAfterTest" name="@AfterTest cleanUp" time="0.0">
    <skipped/>
  </testcase> <!-- @AfterTest cleanUp -->
  <testcase classname="webscripts.TestCampaignPage" name="@AfterTest tearDown" time="0.0">
    <skipped/>
  </testcase> <!-- @AfterTest tearDown -->
  <testcase classname="basictestng.TestCaseDependency" name="@AfterTest cleanUp" time="0.0">
    <skipped/>
  </testcase> <!-- @AfterTest cleanUp -->
  <testcase classname="webscripts.TestLeadsPage" name="@AfterTest tearDown" time="0.0">
    <skipped/>
  </testcase> <!-- @AfterTest tearDown -->
  <testcase classname="webscripts.TestOrganization" name="@AfterTest cleanUp" time="0.0">
    <skipped/>
  </testcase> <!-- @AfterTest cleanUp -->
  <testcase classname="googleScripts.TestgoogleSearch" name="@AfterTest cleanup" time="0.0">
    <skipped/>
  </testcase> <!-- @AfterTest cleanup -->
  <testcase classname="scripts.Vtiger" name="@AfterTest cleanup" time="0.0">
    <skipped/>
  </testcase> <!-- @AfterTest cleanup -->
  <testcase classname="assingment.Excelassingment" name="Vtiger" time="0.0">
    <skipped/>
  </testcase> <!-- Vtiger -->
  <testcase classname="javascriptexecutor.Example3" name="TestCase1" time="0.0">
    <skipped/>
  </testcase> <!-- TestCase1 -->
  <testcase classname="advancetestng.VtigerLogin" name="loginInVtiger" time="0.0">
    <skipped/>
  </testcase> <!-- loginInVtiger -->
  <testcase classname="advancetestng.VtigerLogin" name="loginInVtiger" time="0.0">
    <skipped/>
  </testcase> <!-- loginInVtiger -->
  <testcase classname="advancetestng.VtigerLogin" name="loginInVtiger" time="0.0">
    <skipped/>
  </testcase> <!-- loginInVtiger -->
  <testcase classname="basictestng.ClassLabelAnnotations" name="testCase1" time="0.0">
    <skipped/>
  </testcase> <!-- testCase1 -->
  <testcase classname="basictestng.ClassLabelAnnotations" name="testCase2" time="0.0">
    <skipped/>
  </testcase> <!-- testCase2 -->
  <testcase classname="basictestng.ClassLabelAnnotations" name="testCase3" time="0.0">
    <skipped/>
  </testcase> <!-- testCase3 -->
  <testcase classname="basictestng.ClassLabelAnnotations" name="testCase4" time="0.0">
    <skipped/>
  </testcase> <!-- testCase4 -->
  <testcase classname="basictestng.Actitime_DependsOn" name="createTask" time="0.0">
    <skipped/>
  </testcase> <!-- createTask -->
  <testcase classname="basictestng.Actitime_DependsOn" name="logoutClose" time="0.0">
    <skipped/>
  </testcase> <!-- logoutClose -->
  <testcase classname="basictestng.Actitime_DependsOn" name="openBrowserAndAppURL" time="0.0">
    <skipped/>
  </testcase> <!-- openBrowserAndAppURL -->
  <testcase classname="basictestng.Annotations" name="taskCreation" time="0.0">
    <skipped/>
  </testcase> <!-- taskCreation -->
  <testcase classname="basictestng.TestCaseDependency" name="testGoogleLandingPage" time="0.0">
    <skipped/>
  </testcase> <!-- testGoogleLandingPage -->
  <testcase classname="basictestng.Sample2" name="testCase1" time="0.0">
    <skipped/>
  </testcase> <!-- testCase1 -->
  <testcase classname="basictestng.Sample2" name="testCase2" time="0.0">
    <skipped/>
  </testcase> <!-- testCase2 -->
  <testcase classname="basictestng.Sample2" name="testCase3" time="0.0">
    <skipped/>
  </testcase> <!-- testCase3 -->
  <testcase classname="basictestng.Sample3" name="compose" time="0.0">
    <skipped/>
  </testcase> <!-- compose -->
  <testcase classname="basictestng.Sample3" name="login" time="0.0">
    <skipped/>
  </testcase> <!-- login -->
  <testcase classname="basictestng.Sample3" name="signUp" time="0.0">
    <skipped/>
  </testcase> <!-- signUp -->
  <testcase classname="basictestng.FirstTestNgWebScript" name="testCase1" time="0.0">
    <skipped/>
  </testcase> <!-- testCase1 -->
  <testcase classname="advancetestng.IncludeAndExcludeTestMethods" name="addDepartmentTestCase" time="0.0">
    <skipped/>
  </testcase> <!-- addDepartmentTestCase -->
  <testcase classname="advancetestng.IncludeAndExcludeTestMethods" name="addEmployeeTestCase" time="0.0">
    <skipped/>
  </testcase> <!-- addEmployeeTestCase -->
  <testcase classname="advancetestng.IncludeAndExcludeTestMethods" name="addLocationTestCase" time="0.0">
    <skipped/>
  </testcase> <!-- addLocationTestCase -->
  <testcase classname="assingment.UpdateExcel" name="Update" time="0.0">
    <skipped/>
  </testcase> <!-- Update -->
  <testcase classname="extent.Extent2" name="skipTest" time="0.0">
    <skipped/>
  </testcase> <!-- skipTest -->
  <testcase classname="extent.Extent2" name="testCase1" time="0.0">
    <skipped/>
  </testcase> <!-- testCase1 -->
  <testcase classname="extent.Extent2" name="testCase2" time="0.0">
    <skipped/>
  </testcase> <!-- testCase2 -->
  <testcase classname="advanceTestNgPractice.IncludeandExclude" name="addDepartmentTestcase" time="0.0">
    <skipped/>
  </testcase> <!-- addDepartmentTestcase -->
  <testcase classname="advanceTestNgPractice.IncludeandExclude" name="addEmployeeTestcase" time="0.0">
    <skipped/>
  </testcase> <!-- addEmployeeTestcase -->
  <testcase classname="advanceTestNgPractice.IncludeandExclude" name="addLocationtestCase" time="0.0">
    <skipped/>
  </testcase> <!-- addLocationtestCase -->
  <testcase classname="scripts.Actitime" name="Testcase1" time="0.0">
    <skipped/>
  </testcase> <!-- Testcase1 -->
  <testcase classname="javascriptexecutor.Example2" name="TestCase1" time="0.0">
    <skipped/>
  </testcase> <!-- TestCase1 -->
  <testcase classname="basictestng.Actitime_DependsOn" name="login" time="0.0">
    <skipped/>
  </testcase> <!-- login -->
  <testcase classname="basictestng.TestCaseDependency" name="testSearch" time="0.0">
    <skipped/>
  </testcase> <!-- testSearch -->
  <testcase classname="basictestng.Sample1" name="testCase1" time="0.0">
    <skipped/>
  </testcase> <!-- testCase1 -->
  <testcase classname="basictestng.Actitime_Enabled" name="createTask" time="0.0">
    <skipped/>
  </testcase> <!-- createTask -->
  <testcase classname="basictestng.Actitime_Enabled" name="openBrowserAndAppURL" time="0.0">
    <skipped/>
  </testcase> <!-- openBrowserAndAppURL -->
  <testcase classname="runTimeRetryfailedTc.Test001" name="Test1 on [Test001 passed=0 failed=0 skipped=0]" time="0.0">
    <skipped/>
  </testcase> <!-- Test1 on [Test001 passed=0 failed=0 skipped=0] -->
  <testcase classname="runTimeRetryfailedTc.Test001" name="Test2 on [Test001 passed=0 failed=0 skipped=0]" time="0.0">
    <skipped/>
  </testcase> <!-- Test2 on [Test001 passed=0 failed=0 skipped=0] -->
  <testcase classname="advancetestng.Parameterization" name="testCaseOne" time="0.0">
    <skipped/>
  </testcase> <!-- testCaseOne -->
  <testcase classname="advancetestng.Parameterization" name="testCaseThree" time="0.0">
    <skipped/>
  </testcase> <!-- testCaseThree -->
  <testcase classname="advancetestng.Parameterization" name="testCaseTwo" time="0.0">
    <skipped/>
  </testcase> <!-- testCaseTwo -->
  <testcase classname="advancetestng.Parameterization" name="testLoginOfVtiger" time="0.0">
    <skipped/>
  </testcase> <!-- testLoginOfVtiger -->
  <testcase classname="basictestng.GoogleApplicationWithBeforeAfter" name="testReportsPage" time="0.0">
    <skipped/>
  </testcase> <!-- testReportsPage -->
  <testcase classname="basictestng.GoogleApplicationWithBeforeAfter" name="testVtigerHomePage" time="0.0">
    <skipped/>
  </testcase> <!-- testVtigerHomePage -->
  <testcase classname="basictestng.Actitime_Timeout" name="openBrowserAndAppURL" time="0.0">
    <skipped/>
  </testcase> <!-- openBrowserAndAppURL -->
  <testcase classname="basictestng.Actitime_ExceptionAndTimeout" name="dividedByZeroExample1" time="0.0">
    <skipped/>
  </testcase> <!-- dividedByZeroExample1 -->
  <testcase classname="basictestng.Actitime_ExceptionAndTimeout" name="executetimeOut" time="0.0">
    <skipped/>
  </testcase> <!-- executetimeOut -->
  <testcase classname="javascriptexecutor.Example1" name="TestCase1" time="0.0">
    <skipped/>
  </testcase> <!-- TestCase1 -->
  <testcase classname="javascriptexecutor.Example1" name="TestCase2" time="0.0">
    <skipped/>
  </testcase> <!-- TestCase2 -->
  <testcase classname="advanceTestNgPractice.Test002" name="Test1" time="0.0">
    <skipped/>
  </testcase> <!-- Test1 -->
  <testcase classname="advanceTestNgPractice.Test002" name="Test2" time="0.0">
    <skipped/>
  </testcase> <!-- Test2 -->
  <testcase classname="advanceTestNgPractice.Fire" name="Firefox" time="0.0">
    <skipped/>
  </testcase> <!-- Firefox -->
  <testcase classname="datadriventesting.ExcelUpdate" name="updateCellDetails" time="0.0">
    <skipped/>
  </testcase> <!-- updateCellDetails -->
  <testcase classname="advancetestng.DataProviderExample" name="setData" time="0.0">
    <skipped/>
  </testcase> <!-- setData -->
  <testcase classname="advancetestng.DataProviderExample" name="setData" time="0.0">
    <skipped/>
  </testcase> <!-- setData -->
  <testcase classname="advancetestng.DataProviderExample" name="setData" time="0.0">
    <skipped/>
  </testcase> <!-- setData -->
  <testcase classname="advancetestng.DataProviderExample" name="testLoginOfVtiger" time="0.0">
    <skipped/>
  </testcase> <!-- testLoginOfVtiger -->
  <testcase classname="advancetestng.DataProviderExample" name="testLoginOfVtiger" time="0.0">
    <skipped/>
  </testcase> <!-- testLoginOfVtiger -->
  <testcase classname="advancetestng.DataProviderExample" name="testLoginOfVtiger" time="0.0">
    <skipped/>
  </testcase> <!-- testLoginOfVtiger -->
  <testcase classname="basictestng.TestCaseExecutionControl" name="testCaseSignup" time="0.0">
    <skipped/>
  </testcase> <!-- testCaseSignup -->
  <testcase classname="advanceTestNgPractice.Group" name="testCaseFive" time="0.0">
    <skipped/>
  </testcase> <!-- testCaseFive -->
  <testcase classname="advanceTestNgPractice.Group" name="testCaseOne" time="0.0">
    <skipped/>
  </testcase> <!-- testCaseOne -->
  <testcase classname="advanceTestNgPractice.Group" name="testCaseSix" time="0.0">
    <skipped/>
  </testcase> <!-- testCaseSix -->
  <testcase classname="advanceTestNgPractice.Group" name="testCaseThree" time="0.0">
    <skipped/>
  </testcase> <!-- testCaseThree -->
  <testcase classname="advanceTestNgPractice.Group" name="testCaseTwo" time="0.0">
    <skipped/>
  </testcase> <!-- testCaseTwo -->
  <testcase classname="advanceTestNgPractice.Group" name="testCasefour" time="0.0">
    <skipped/>
  </testcase> <!-- testCasefour -->
  <testcase classname="basictestng.Actitime_InvocationCount" name="openBrowserAndAppURL" time="0.0">
    <skipped/>
  </testcase> <!-- openBrowserAndAppURL -->
  <testcase classname="basictestng.Actitime_InvocationCount" name="openBrowserAndAppURL" time="0.0">
    <skipped/>
  </testcase> <!-- openBrowserAndAppURL -->
  <testcase classname="basictestng.Actitime_InvocationCount" name="openBrowserAndAppURL" time="0.0">
    <skipped/>
  </testcase> <!-- openBrowserAndAppURL -->
  <testcase classname="basictestng.Actitime_InvocationCount" name="openBrowserAndAppURL" time="0.0">
    <skipped/>
  </testcase> <!-- openBrowserAndAppURL -->
  <testcase classname="basictestng.Actitime_InvocationCount" name="openBrowserAndAppURL" time="0.0">
    <skipped/>
  </testcase> <!-- openBrowserAndAppURL -->
  <testcase classname="webscripts.TestLeadsPage" name="testLeadCreation" time="0.0">
    <skipped/>
  </testcase> <!-- testLeadCreation -->
  <testcase classname="basictestng.GoogleApplicationWithBeforeAfterMethod" name="testGoogleLandingPage" time="0.0">
    <skipped/>
  </testcase> <!-- testGoogleLandingPage -->
  <testcase classname="basictestng.GoogleApplicationWithBeforeAfterMethod" name="testSearch" time="0.0">
    <skipped/>
  </testcase> <!-- testSearch -->
  <testcase classname="datadriventesting.ActitimeLogin" name="actitimeLogin" time="0.0">
    <skipped/>
  </testcase> <!-- actitimeLogin -->
  <testcase classname="datadriventesting.ExcelOperations" name="createAndInsertValueInCell" time="0.0">
    <skipped/>
  </testcase> <!-- createAndInsertValueInCell -->
  <testcase classname="datadriventesting.ExcelOperations" name="getCellValueFromParticularRow" time="0.0">
    <skipped/>
  </testcase> <!-- getCellValueFromParticularRow -->
  <testcase classname="datadriventesting.ExcelOperations" name="getCompleteDataFromScepecificSheet" time="0.0">
    <skipped/>
  </testcase> <!-- getCompleteDataFromScepecificSheet -->
  <testcase classname="datadriventesting.ExcelOperations" name="getFirstCellValueFromEachRow" time="0.0">
    <skipped/>
  </testcase> <!-- getFirstCellValueFromEachRow -->
  <testcase classname="datadriventesting.ExcelOperations" name="getRowsCountFromSheet" time="0.0">
    <skipped/>
  </testcase> <!-- getRowsCountFromSheet -->
  <testcase classname="datadriventesting.ExcelOperations" name="getSheetName" time="0.0">
    <skipped/>
  </testcase> <!-- getSheetName -->
  <testcase classname="datadriventesting.ExcelOperations" name="updateCellValue" time="0.0">
    <skipped/>
  </testcase> <!-- updateCellValue -->
  <testcase classname="extent.Extent1" name="TestCase2" time="0.0">
    <skipped/>
  </testcase> <!-- TestCase2 -->
  <testcase classname="extent.Extent1" name="Testcase1" time="0.0">
    <skipped/>
  </testcase> <!-- Testcase1 -->
  <testcase classname="webscripts.TestLeadsPage" name="testLeadModification" time="0.0">
    <skipped/>
  </testcase> <!-- testLeadModification -->
  <testcase classname="basictestng.GoogleApplicationWithBeforeAfterTest" name="testGoogleLandingPage" time="0.0">
    <skipped/>
  </testcase> <!-- testGoogleLandingPage -->
  <testcase classname="basictestng.GoogleApplicationWithBeforeAfterTest" name="testSearch" time="0.0">
    <skipped/>
  </testcase> <!-- testSearch -->
  <testcase classname="basictestng.Sample4" name="a_signUp" time="0.0">
    <skipped/>
  </testcase> <!-- a_signUp -->
  <testcase classname="basictestng.Sample4" name="b_login" time="0.0">
    <skipped/>
  </testcase> <!-- b_login -->
  <testcase classname="basictestng.Sample4" name="c_compose" time="0.0">
    <skipped/>
  </testcase> <!-- c_compose -->
  <testcase classname="advanceTestNgPractice.RetryTc" name="Test1" time="0.0">
    <skipped/>
  </testcase> <!-- Test1 -->
  <testcase classname="advanceTestNgPractice.RetryTc" name="Test2" time="0.0">
    <skipped/>
  </testcase> <!-- Test2 -->
  <testcase classname="basictestng.Actitime" name="a_openBrowserAndAppURL" time="0.0">
    <skipped/>
  </testcase> <!-- a_openBrowserAndAppURL -->
  <testcase classname="basictestng.Actitime" name="b_login" time="0.0">
    <skipped/>
  </testcase> <!-- b_login -->
  <testcase classname="basictestng.Actitime" name="c_createTask" time="0.0">
    <skipped/>
  </testcase> <!-- c_createTask -->
  <testcase classname="basictestng.Actitime" name="d_logoutClose" time="0.0">
    <skipped/>
  </testcase> <!-- d_logoutClose -->
  <testcase classname="webscripts.TestLeadsPage" name="testLeadDeletion" time="0.0">
    <skipped/>
  </testcase> <!-- testLeadDeletion -->
  <testcase classname="webscripts.TestCampaignPage" name="TestcreateCampaign" time="0.0">
    <skipped/>
  </testcase> <!-- TestcreateCampaign -->
  <testcase classname="retryfailedTc.Test001" name="Test1" time="0.0">
    <skipped/>
  </testcase> <!-- Test1 -->
  <testcase classname="retryfailedTc.Test001" name="Test2" time="0.0">
    <skipped/>
  </testcase> <!-- Test2 -->
  <testcase classname="datadriventesting.ExcelReading" name="getCellDetails" time="0.0">
    <skipped/>
  </testcase> <!-- getCellDetails -->
  <testcase classname="datadriventesting.ExcelReading" name="getDiffTypeOfCellData" time="0.0">
    <skipped/>
  </testcase> <!-- getDiffTypeOfCellData -->
  <testcase classname="datadriventesting.ExcelReading" name="getRowDetails" time="0.0">
    <skipped/>
  </testcase> <!-- getRowDetails -->
  <testcase classname="datadriventesting.ExcelReading" name="readSheetDetails" time="0.0">
    <skipped/>
  </testcase> <!-- readSheetDetails -->
  <testcase classname="webscripts.TestCampaignPage" name="CampaignMod" time="0.0">
    <skipped/>
  </testcase> <!-- CampaignMod -->
  <testcase classname="assingment.Excel2" name="GetCellDetails" time="0.0">
    <skipped/>
  </testcase> <!-- GetCellDetails -->
  <testcase classname="assingment.Excel2" name="GetDiffTypeOfCellData" time="0.0">
    <skipped/>
  </testcase> <!-- GetDiffTypeOfCellData -->
  <testcase classname="assingment.Excel2" name="getrowDetails" time="0.0">
    <skipped/>
  </testcase> <!-- getrowDetails -->
  <testcase classname="assingment.Excel2" name="readsheetdata" time="0.0">
    <skipped/>
  </testcase> <!-- readsheetdata -->
  <testcase classname="webscripts.TestCampaignPage" name="Delete" time="0.0">
    <skipped/>
  </testcase> <!-- Delete -->
  <testcase classname="advanceTestNgPractice.DataProvider" name="Testlogin" time="0.0">
    <skipped/>
  </testcase> <!-- Testlogin -->
  <testcase classname="advanceTestNgPractice.DataProvider" name="Testlogin" time="0.0">
    <skipped/>
  </testcase> <!-- Testlogin -->
  <testcase classname="advanceTestNgPractice.DataProvider" name="Testlogin" time="0.0">
    <skipped/>
  </testcase> <!-- Testlogin -->
  <testcase classname="advanceTestNgPractice.DataProvider" name="setdata" time="0.0">
    <skipped/>
  </testcase> <!-- setdata -->
  <testcase classname="advanceTestNgPractice.DataProvider" name="setdata" time="0.0">
    <skipped/>
  </testcase> <!-- setdata -->
  <testcase classname="advanceTestNgPractice.DataProvider" name="setdata" time="0.0">
    <skipped/>
  </testcase> <!-- setdata -->
  <testcase classname="advancetestng.ParallelExecutionTest" name="testLoginOfVtiger" time="0.0">
    <skipped/>
  </testcase> <!-- testLoginOfVtiger -->
  <testcase classname="basictestng.AnnotationList" name="f5" time="0.0">
    <skipped/>
  </testcase> <!-- f5 -->
  <testcase classname="advanceTestNgPractice.Parallel" name="Actitime" time="0.0">
    <skipped/>
  </testcase> <!-- Actitime -->
  <testcase classname="advanceTestNgPractice.Parallel" name="testloginofvtiger" time="0.0">
    <skipped/>
  </testcase> <!-- testloginofvtiger -->
  <testcase classname="advancetestng.TestParallelExecution" name="testLoginOfActitime" time="0.0">
    <skipped/>
  </testcase> <!-- testLoginOfActitime -->
  <testcase classname="advancetestng.TestParallelExecution" name="testLoginOfVtiger" time="0.0">
    <skipped/>
  </testcase> <!-- testLoginOfVtiger -->
  <testcase classname="webscripts.TestOrganization" name="testOrganizationCreation" time="0.0">
    <skipped/>
  </testcase> <!-- testOrganizationCreation -->
  <testcase classname="advanceTestNgPractice.ParallelTest" name="TestloginofVtiger" time="0.0">
    <skipped/>
  </testcase> <!-- TestloginofVtiger -->
  <testcase classname="advancetestng.GroupExamples" name="testCaseFive" time="0.0">
    <skipped/>
  </testcase> <!-- testCaseFive -->
  <testcase classname="advancetestng.GroupExamples" name="testCaseFour" time="0.0">
    <skipped/>
  </testcase> <!-- testCaseFour -->
  <testcase classname="advancetestng.GroupExamples" name="testCaseOne" time="0.0">
    <skipped/>
  </testcase> <!-- testCaseOne -->
  <testcase classname="advancetestng.GroupExamples" name="testCaseThree" time="0.0">
    <skipped/>
  </testcase> <!-- testCaseThree -->
  <testcase classname="advancetestng.GroupExamples" name="testCaseTwo" time="0.0">
    <skipped/>
  </testcase> <!-- testCaseTwo -->
  <testcase classname="basictestng.MultipleTestMethodInClass" name="testCaseCreation" time="0.0">
    <skipped/>
  </testcase> <!-- testCaseCreation -->
  <testcase classname="basictestng.MultipleTestMethodInClass" name="testCaseDeletion" time="0.0">
    <skipped/>
  </testcase> <!-- testCaseDeletion -->
  <testcase classname="basictestng.MultipleTestMethodInClass" name="testCaseLogin" time="0.0">
    <skipped/>
  </testcase> <!-- testCaseLogin -->
  <testcase classname="basictestng.MultipleTestMethodInClass" name="testCaseSignup" time="0.0">
    <skipped/>
  </testcase> <!-- testCaseSignup -->
  <testcase classname="basictestng.Actitime_Enabled" name="login" time="0.0">
    <ignored/>
  </testcase> <!-- login -->
  <testcase classname="basictestng.TestCaseExecutionControl" name="testCaseDeletion" time="0.0">
    <ignored/>
  </testcase> <!-- testCaseDeletion -->
  <testcase classname="datadriventesting.ExcelOperations" name="performRowOperations" time="0.0">
    <ignored/>
  </testcase> <!-- performRowOperations -->
  <testcase classname="datadriventesting.ExcelOperations" name="performOperationOnCell" time="0.0">
    <ignored/>
  </testcase> <!-- performOperationOnCell -->
  <testcase classname="datadriventesting.ExcelOperations" name="performOperationOnSheet" time="0.0">
    <ignored/>
  </testcase> <!-- performOperationOnSheet -->
  <testcase classname="basictestng.Actitime_Enabled" name="logoutClose" time="0.0">
    <ignored/>
  </testcase> <!-- logoutClose -->
</testsuite> <!-- Default test -->
