<?xml version="1.0" encoding="UTF-8"?>
<testng-results ignored="0" total="3" passed="3" failed="0" skipped="0">
  <reporter-output>
  </reporter-output>
  <suite started-at="2022-11-09T05:36:53Z" name="Default suite" finished-at="2022-11-09T05:37:55Z" duration-ms="62438">
    <groups>
      <group name="cucumber">
        <method signature="AbstractTestNGCucumberTests.runScenario(io.cucumber.testng.PickleWrapper, io.cucumber.testng.FeatureWrapper)[pri:0, instance:runner.TestRunner@95e33cc]" name="runScenario" class="io.cucumber.testng.AbstractTestNGCucumberTests"/>
      </group> <!-- cucumber -->
    </groups>
    <test started-at="2022-11-09T05:36:53Z" name="Default test" finished-at="2022-11-09T05:37:55Z" duration-ms="62438">
      <class name="runner.TestRunner">
        <test-method is-config="true" signature="setUpClass()[pri:0, instance:runner.TestRunner@95e33cc]" started-at="2022-11-09T05:36:53Z" name="setUpClass" finished-at="2022-11-09T05:36:54Z" duration-ms="1143" status="PASS">
          <reporter-output>
          </reporter-output>
        </test-method> <!-- setUpClass -->
        <test-method signature="runScenario(io.cucumber.testng.PickleWrapper, io.cucumber.testng.FeatureWrapper)[pri:0, instance:runner.TestRunner@95e33cc]" started-at="2022-11-09T05:36:54Z" name="runScenario" description="Runs Cucumber Scenarios" data-provider="scenarios" finished-at="2022-11-09T05:37:13Z" duration-ms="19557" status="PASS">
          <params>
            <param index="0">
              <value>
                <![CDATA["Check the user login with Valid user"]]>
              </value>
            </param>
            <param index="1">
              <value>
                <![CDATA["Optional[To verify the login functionality of application]"]]>
              </value>
            </param>
          </params>
          <reporter-output>
          </reporter-output>
        </test-method> <!-- runScenario -->
        <test-method signature="runScenario(io.cucumber.testng.PickleWrapper, io.cucumber.testng.FeatureWrapper)[pri:0, instance:runner.TestRunner@95e33cc]" started-at="2022-11-09T05:37:13Z" name="runScenario" description="Runs Cucumber Scenarios" data-provider="scenarios" finished-at="2022-11-09T05:37:30Z" duration-ms="16600" status="PASS">
          <params>
            <param index="0">
              <value>
                <![CDATA["Check the user login with invalid user"]]>
              </value>
            </param>
            <param index="1">
              <value>
                <![CDATA["Optional[To verify the login functionality of application]"]]>
              </value>
            </param>
          </params>
          <reporter-output>
          </reporter-output>
        </test-method> <!-- runScenario -->
        <test-method signature="runScenario(io.cucumber.testng.PickleWrapper, io.cucumber.testng.FeatureWrapper)[pri:0, instance:runner.TestRunner@95e33cc]" started-at="2022-11-09T05:37:30Z" name="runScenario" description="Runs Cucumber Scenarios" data-provider="scenarios" finished-at="2022-11-09T05:37:51Z" duration-ms="20998" status="PASS">
          <params>
            <param index="0">
              <value>
                <![CDATA["Check the user login with invalid user"]]>
              </value>
            </param>
            <param index="1">
              <value>
                <![CDATA["Optional[To verify the login functionality of application]"]]>
              </value>
            </param>
          </params>
          <reporter-output>
          </reporter-output>
        </test-method> <!-- runScenario -->
        <test-method is-config="true" signature="tearDownClass()[pri:0, instance:runner.TestRunner@95e33cc]" started-at="2022-11-09T05:37:51Z" name="tearDownClass" finished-at="2022-11-09T05:37:55Z" duration-ms="4095" status="PASS">
          <reporter-output>
          </reporter-output>
        </test-method> <!-- tearDownClass -->
      </class> <!-- runner.TestRunner -->
    </test> <!-- Default test -->
  </suite> <!-- Default suite -->
</testng-results>
