<?xml version="1.0" encoding="UTF-8"?>
<!-- Generated by org.testng.reporters.JUnitXMLReporter -->
<testsuite ignored="2" hostname="DELL-PC" failures="0" tests="3" name="testing" time="0.083" errors="0" timestamp="24 Oct 2022 11:33:51 GMT">
  <testcase classname="advancetestng.GroupExamples" name="testCaseFour" time="0.022"/>
  <testcase classname="advancetestng.GroupExamples" name="testCaseOne" time="0.003"/>
  <testcase classname="advancetestng.GroupExamples" name="testCaseTwo" time="0.003"/>
  <testcase classname="advancetestng.GroupExamples" name="testCaseThree" time="0.0">
    <ignored/>
  </testcase> <!-- testCaseThree -->
  <testcase classname="advancetestng.GroupExamples" name="testCaseFive" time="0.0">
    <ignored/>
  </testcase> <!-- testCaseFive -->
</testsuite> <!-- testing -->
