<?xml version="1.0" encoding="UTF-8"?>
<testng-results ignored="0" total="1" passed="1" failed="0" skipped="0">
  <reporter-output>
  </reporter-output>
  <suite started-at="2022-10-19T11:58:59 IST" name="Default suite" finished-at="2022-10-19T11:59:58 IST" duration-ms="58820">
    <groups>
    </groups>
    <test started-at="2022-10-19T11:58:59 IST" name="Default test" finished-at="2022-10-19T11:59:58 IST" duration-ms="58820">
      <class name="assingment2.NewTest">
        <test-method signature="f()[pri:0, instance:assingment2.NewTest@44a7bfbc]" started-at="2022-10-19T11:59:00 IST" name="f" finished-at="2022-10-19T11:59:58 IST" duration-ms="58752" status="PASS">
          <reporter-output>
          </reporter-output>
        </test-method> <!-- f -->
      </class> <!-- assingment2.NewTest -->
    </test> <!-- Default test -->
  </suite> <!-- Default suite -->
</testng-results>
