<?xml version="1.0" encoding="UTF-8"?>
<!-- Generated by org.testng.reporters.JUnitXMLReporter -->
<testsuite ignored="2" hostname="DELL-PC" failures="0" tests="1" name="Test2" time="0.065" errors="0" timestamp="25 Oct 2022 03:02:40 GMT">
  <testcase classname="advanceTestNgPractice.IncludeandExclude" name="addDepartmentTestcase" time="0.019"/>
  <testcase classname="advanceTestNgPractice.IncludeandExclude" name="addEmployeeTestcase" time="0.0">
    <ignored/>
  </testcase> <!-- addEmployeeTestcase -->
  <testcase classname="advanceTestNgPractice.IncludeandExclude" name="addLocationtestCase" time="0.0">
    <ignored/>
  </testcase> <!-- addLocationtestCase -->
</testsuite> <!-- Test2 -->
