<?xml version="1.0" encoding="UTF-8"?>
<!-- Generated by org.testng.reporters.JUnitXMLReporter -->
<testsuite ignored="3" hostname="DELL-PC" failures="0" tests="3" name="Test" time="0.07" errors="0" timestamp="09 Nov 2022 08:43:35 GMT">
  <testcase classname="advanceTestNgPractice.Group" name="testCaseSix" time="0.018"/>
  <testcase classname="advanceTestNgPractice.Group" name="testCaseThree" time="0.002"/>
  <testcase classname="advanceTestNgPractice.Group" name="testCaseTwo" time="0.002"/>
  <testcase classname="advanceTestNgPractice.Group" name="testCaseFive" time="0.0">
    <ignored/>
  </testcase> <!-- testCaseFive -->
  <testcase classname="advanceTestNgPractice.Group" name="testCasefour" time="0.0">
    <ignored/>
  </testcase> <!-- testCasefour -->
  <testcase classname="advanceTestNgPractice.Group" name="testCaseOne" time="0.0">
    <ignored/>
  </testcase> <!-- testCaseOne -->
</testsuite> <!-- Test -->
