<?xml version="1.0" encoding="UTF-8"?>
<!-- Generated by org.testng.reporters.JUnitXMLReporter -->
<testsuite ignored="3" hostname="DELL-PC" failures="3" tests="48" name="RegressionTest" time="96.349" errors="0" timestamp="23 Oct 2022 07:08:57 GMT">
  <testcase classname="basictestng.GoogleApplicationWithBeforeAfterMethod" name="@AfterMethod cleanUp" time="0.008">
    <failure type="java.lang.StackOverflowError">
      <![CDATA[java.lang.StackOverflowError
at basictestng.GoogleApplicationWithBeforeAfterMethod.cleanUp(GoogleApplicationWithBeforeAfterMethod.java:35)
at basictestng.GoogleApplicationWithBeforeAfterMethod.cleanUp(GoogleApplicationWithBeforeAfterMethod.java:35)
at basictestng.GoogleApplicationWithBeforeAfterMethod.cleanUp(GoogleApplicationWithBeforeAfterMethod.java:35)
at basictestng.GoogleApplicationWithBeforeAfterMethod.cleanUp(GoogleApplicationWithBeforeAfterMethod.java:35)
at basictestng.GoogleApplicationWithBeforeAfterMethod.cleanUp(GoogleApplicationWithBeforeAfterMethod.java:35)
at basictestng.GoogleApplicationWithBeforeAfterMethod.cleanUp(GoogleApplicationWithBeforeAfterMethod.java:35)
at basictestng.GoogleApplicationWithBeforeAfterMethod.cleanUp(GoogleApplicationWithBeforeAfterMethod.java:35)
at basictestng.GoogleApplicationWithBeforeAfterMethod.cleanUp(GoogleApplicationWithBeforeAfterMethod.java:35)
at basictestng.GoogleApplicationWithBeforeAfterMethod.cleanUp(GoogleApplicationWithBeforeAfterMethod.java:35)
at basictestng.GoogleApplicationWithBeforeAfterMethod.cleanUp(GoogleApplicationWithBeforeAfterMethod.java:35)
at basictestng.GoogleApplicationWithBeforeAfterMethod.cleanUp(GoogleApplicationWithBeforeAfterMethod.java:35)
at basictestng.GoogleApplicationWithBeforeAfterMethod.cleanUp(GoogleApplicationWithBeforeAfterMethod.java:35)
at basictestng.GoogleApplicationWithBeforeAfterMethod.cleanUp(GoogleApplicationWithBeforeAfterMethod.java:35)
at basictestng.GoogleApplicationWithBeforeAfterMethod.cleanUp(GoogleApplicationWithBeforeAfterMethod.java:35)
at basictestng.GoogleApplicationWithBeforeAfterMethod.cleanUp(GoogleApplicationWithBeforeAfterMethod.java:35)
at basictestng.GoogleApplicationWithBeforeAfterMethod.cleanUp(GoogleApplicationWithBeforeAfterMethod.java:35)
at basictestng.GoogleApplicationWithBeforeAfterMethod.cleanUp(GoogleApplicationWithBeforeAfterMethod.java:35)
at basictestng.GoogleApplicationWithBeforeAfterMethod.cleanUp(GoogleApplicationWithBeforeAfterMethod.java:35)
at basictestng.GoogleApplicationWithBeforeAfterMethod.cleanUp(GoogleApplicationWithBeforeAfterMethod.java:35)
at basictestng.GoogleApplicationWithBeforeAfterMethod.cleanUp(GoogleApplicationWithBeforeAfterMethod.java:35)
at basictestng.GoogleApplicationWithBeforeAfterMethod.cleanUp(GoogleApplicationWithBeforeAfterMethod.java:35)
at basictestng.GoogleApplicationWithBeforeAfterMethod.cleanUp(GoogleApplicationWithBeforeAfterMethod.java:35)
at basictestng.GoogleApplicationWithBeforeAfterMethod.cleanUp(GoogleApplicationWithBeforeAfterMethod.java:35)
at basictestng.GoogleApplicationWithBeforeAfterMethod.cleanUp(GoogleApplicationWithBeforeAfterMethod.java:35)
at basictestng.GoogleApplicationWithBeforeAfterMethod.cleanUp(GoogleApplicationWithBeforeAfterMethod.java:35)
at basictestng.GoogleApplicationWithBeforeAfterMethod.cleanUp(GoogleApplicationWithBeforeAfterMethod.java:35)
at basictestng.GoogleApplicationWithBeforeAfterMethod.cleanUp(GoogleApplicationWithBeforeAfterMethod.java:35)
at basictestng.GoogleApplicationWithBeforeAfterMethod.cleanUp(GoogleApplicationWithBeforeAfterMethod.java:35)
at basictestng.GoogleApplicationWithBeforeAfterMethod.cleanUp(GoogleApplicationWithBeforeAfterMethod.java:35)
at basictestng.GoogleApplicationWithBeforeAfterMethod.cleanUp(GoogleApplicationWithBeforeAfterMethod.java:35)
at basictestng.GoogleApplicationWithBeforeAfterMethod.cleanUp(GoogleApplicationWithBeforeAfterMethod.java:35)
at basictestng.GoogleApplicationWithBeforeAfterMethod.cleanUp(GoogleApplicationWithBeforeAfterMethod.java:35)
at basictestng.GoogleApplicationWithBeforeAfterMethod.cleanUp(GoogleApplicationWithBeforeAfterMethod.java:35)
at basictestng.GoogleApplicationWithBeforeAfterMethod.cleanUp(GoogleApplicationWithBeforeAfterMethod.java:35)
at basictestng.GoogleApplicationWithBeforeAfterMethod.cleanUp(GoogleApplicationWithBeforeAfterMethod.java:35)
at basictestng.GoogleApplicationWithBeforeAfterMethod.cleanUp(GoogleApplicationWithBeforeAfterMethod.java:35)
at basictestng.GoogleApplicationWithBeforeAfterMethod.cleanUp(GoogleApplicationWithBeforeAfterMethod.java:35)
at basictestng.GoogleApplicationWithBeforeAfterMethod.cleanUp(GoogleApplicationWithBeforeAfterMethod.java:35)
at basictestng.GoogleApplicationWithBeforeAfterMethod.cleanUp(GoogleApplicationWithBeforeAfterMethod.java:35)
at basictestng.GoogleApplicationWithBeforeAfterMethod.cleanUp(GoogleApplicationWithBeforeAfterMethod.java:35)
at basictestng.GoogleApplicationWithBeforeAfterMethod.cleanUp(GoogleApplicationWithBeforeAfterMethod.java:35)
at basictestng.GoogleApplicationWithBeforeAfterMethod.cleanUp(GoogleApplicationWithBeforeAfterMethod.java:35)
at basictestng.GoogleApplicationWithBeforeAfterMethod.cleanUp(GoogleApplicationWithBeforeAfterMethod.java:35)
at basictestng.GoogleApplicationWithBeforeAfterMethod.cleanUp(GoogleApplicationWithBeforeAfterMethod.java:35)
at basictestng.GoogleApplicationWithBeforeAfterMethod.cleanUp(GoogleApplicationWithBeforeAfterMethod.java:35)
at basictestng.GoogleApplicationWithBeforeAfterMethod.cleanUp(GoogleApplicationWithBeforeAfterMethod.java:35)
at basictestng.GoogleApplicationWithBeforeAfterMethod.cleanUp(GoogleApplicationWithBeforeAfterMethod.java:35)
at basictestng.GoogleApplicationWithBeforeAfterMethod.cleanUp(GoogleApplicationWithBeforeAfterMethod.java:35)
at basictestng.GoogleApplicationWithBeforeAfterMethod.cleanUp(GoogleApplicationWithBeforeAfterMethod.java:35)
at basictestng.GoogleApplicationWithBeforeAfterMethod.cleanUp(GoogleApplicationWithBeforeAfterMethod.java:35)
at basictestng.GoogleApplicationWithBeforeAfterMethod.cleanUp(GoogleApplicationWithBeforeAfterMethod.java:35)
at basictestng.GoogleApplicationWithBeforeAfterMethod.cleanUp(GoogleApplicationWithBeforeAfterMethod.java:35)
at basictestng.GoogleApplicationWithBeforeAfterMethod.cleanUp(GoogleApplicationWithBeforeAfterMethod.java:35)
at basictestng.GoogleApplicationWithBeforeAfterMethod.cleanUp(GoogleApplicationWithBeforeAfterMethod.java:35)
at basictestng.GoogleApplicationWithBeforeAfterMethod.cleanUp(GoogleApplicationWithBeforeAfterMethod.java:35)
at basictestng.GoogleApplicationWithBeforeAfterMethod.cleanUp(GoogleApplicationWithBeforeAfterMethod.java:35)
at basictestng.GoogleApplicationWithBeforeAfterMethod.cleanUp(GoogleApplicationWithBeforeAfterMethod.java:35)
at basictestng.GoogleApplicationWithBeforeAfterMethod.cleanUp(GoogleApplicationWithBeforeAfterMethod.java:35)
at basictestng.GoogleApplicationWithBeforeAfterMethod.cleanUp(GoogleApplicationWithBeforeAfterMethod.java:35)
at basictestng.GoogleApplicationWithBeforeAfterMethod.cleanUp(GoogleApplicationWithBeforeAfterMethod.java:35)
at basictestng.GoogleApplicationWithBeforeAfterMethod.cleanUp(GoogleApplicationWithBeforeAfterMethod.java:35)
at basictestng.GoogleApplicationWithBeforeAfterMethod.cleanUp(GoogleApplicationWithBeforeAfterMethod.java:35)
at basictestng.GoogleApplicationWithBeforeAfterMethod.cleanUp(GoogleApplicationWithBeforeAfterMethod.java:35)
at basictestng.GoogleApplicationWithBeforeAfterMethod.cleanUp(GoogleApplicationWithBeforeAfterMethod.java:35)
at basictestng.GoogleApplicationWithBeforeAfterMethod.cleanUp(GoogleApplicationWithBeforeAfterMethod.java:35)
at basictestng.GoogleApplicationWithBeforeAfterMethod.cleanUp(GoogleApplicationWithBeforeAfterMethod.java:35)
at basictestng.GoogleApplicationWithBeforeAfterMethod.cleanUp(GoogleApplicationWithBeforeAfterMethod.java:35)
at basictestng.GoogleApplicationWithBeforeAfterMethod.cleanUp(GoogleApplicationWithBeforeAfterMethod.java:35)
at basictestng.GoogleApplicationWithBeforeAfterMethod.cleanUp(GoogleApplicationWithBeforeAfterMethod.java:35)
at basictestng.GoogleApplicationWithBeforeAfterMethod.cleanUp(GoogleApplicationWithBeforeAfterMethod.java:35)
at basictestng.GoogleApplicationWithBeforeAfterMethod.cleanUp(GoogleApplicationWithBeforeAfterMethod.java:35)
at basictestng.GoogleApplicationWithBeforeAfterMethod.cleanUp(GoogleApplicationWithBeforeAfterMethod.java:35)
at basictestng.GoogleApplicationWithBeforeAfterMethod.cleanUp(GoogleApplicationWithBeforeAfterMethod.java:35)
at basictestng.GoogleApplicationWithBeforeAfterMethod.cleanUp(GoogleApplicationWithBeforeAfterMethod.java:35)
at basictestng.GoogleApplicationWithBeforeAfterMethod.cleanUp(GoogleApplicationWithBeforeAfterMethod.java:35)
at basictestng.GoogleApplicationWithBeforeAfterMethod.cleanUp(GoogleApplicationWithBeforeAfterMethod.java:35)
at basictestng.GoogleApplicationWithBeforeAfterMethod.cleanUp(GoogleApplicationWithBeforeAfterMethod.java:35)
at basictestng.GoogleApplicationWithBeforeAfterMethod.cleanUp(GoogleApplicationWithBeforeAfterMethod.java:35)
at basictestng.GoogleApplicationWithBeforeAfterMethod.cleanUp(GoogleApplicationWithBeforeAfterMethod.java:35)
at basictestng.GoogleApplicationWithBeforeAfterMethod.cleanUp(GoogleApplicationWithBeforeAfterMethod.java:35)
at basictestng.GoogleApplicationWithBeforeAfterMethod.cleanUp(GoogleApplicationWithBeforeAfterMethod.java:35)
at basictestng.GoogleApplicationWithBeforeAfterMethod.cleanUp(GoogleApplicationWithBeforeAfterMethod.java:35)
at basictestng.GoogleApplicationWithBeforeAfterMethod.cleanUp(GoogleApplicationWithBeforeAfterMethod.java:35)
at basictestng.GoogleApplicationWithBeforeAfterMethod.cleanUp(GoogleApplicationWithBeforeAfterMethod.java:35)
at basictestng.GoogleApplicationWithBeforeAfterMethod.cleanUp(GoogleApplicationWithBeforeAfterMethod.java:35)
at basictestng.GoogleApplicationWithBeforeAfterMethod.cleanUp(GoogleApplicationWithBeforeAfterMethod.java:35)
at basictestng.GoogleApplicationWithBeforeAfterMethod.cleanUp(GoogleApplicationWithBeforeAfterMethod.java:35)
at basictestng.GoogleApplicationWithBeforeAfterMethod.cleanUp(GoogleApplicationWithBeforeAfterMethod.java:35)
at basictestng.GoogleApplicationWithBeforeAfterMethod.cleanUp(GoogleApplicationWithBeforeAfterMethod.java:35)
at basictestng.GoogleApplicationWithBeforeAfterMethod.cleanUp(GoogleApplicationWithBeforeAfterMethod.java:35)
at basictestng.GoogleApplicationWithBeforeAfterMethod.cleanUp(GoogleApplicationWithBeforeAfterMethod.java:35)
at basictestng.GoogleApplicationWithBeforeAfterMethod.cleanUp(GoogleApplicationWithBeforeAfterMethod.java:35)
at basictestng.GoogleApplicationWithBeforeAfterMethod.cleanUp(GoogleApplicationWithBeforeAfterMethod.java:35)
at basictestng.GoogleApplicationWithBeforeAfterMethod.cleanUp(GoogleApplicationWithBeforeAfterMethod.java:35)
at basictestng.GoogleApplicationWithBeforeAfterMethod.cleanUp(GoogleApplicationWithBeforeAfterMethod.java:35)
at basictestng.GoogleApplicationWithBeforeAfterMethod.cleanUp(GoogleApplicationWithBeforeAfterMethod.java:35)
at basictestng.GoogleApplicationWithBeforeAfterMethod.cleanUp(GoogleApplicationWithBeforeAfterMethod.java:35)
at basictestng.GoogleApplicationWithBeforeAfterMethod.cleanUp(GoogleApplicationWithBeforeAfterMethod.java:35)
at basictestng.GoogleApplicationWithBeforeAfterMethod.cleanUp(GoogleApplicationWithBeforeAfterMethod.java:35)
at basictestng.GoogleApplicationWithBeforeAfterMethod.cleanUp(GoogleApplicationWithBeforeAfterMethod.java:35)
at basictestng.GoogleApplicationWithBeforeAfterMethod.cleanUp(GoogleApplicationWithBeforeAfterMethod.java:35)
at basictestng.GoogleApplicationWithBeforeAfterMethod.cleanUp(GoogleApplicationWithBeforeAfterMethod.java:35)
at basictestng.GoogleApplicationWithBeforeAfterMethod.cleanUp(GoogleApplicationWithBeforeAfterMethod.java:35)
at basictestng.GoogleApplicationWithBeforeAfterMethod.cleanUp(GoogleApplicationWithBeforeAfterMethod.java:35)
at basictestng.GoogleApplicationWithBeforeAfterMethod.cleanUp(GoogleApplicationWithBeforeAfterMethod.java:35)
at basictestng.GoogleApplicationWithBeforeAfterMethod.cleanUp(GoogleApplicationWithBeforeAfterMethod.java:35)
at basictestng.GoogleApplicationWithBeforeAfterMethod.cleanUp(GoogleApplicationWithBeforeAfterMethod.java:35)
at basictestng.GoogleApplicationWithBeforeAfterMethod.cleanUp(GoogleApplicationWithBeforeAfterMethod.java:35)
at basictestng.GoogleApplicationWithBeforeAfterMethod.cleanUp(GoogleApplicationWithBeforeAfterMethod.java:35)
at basictestng.GoogleApplicationWithBeforeAfterMethod.cleanUp(GoogleApplicationWithBeforeAfterMethod.java:35)
at basictestng.GoogleApplicationWithBeforeAfterMethod.cleanUp(GoogleApplicationWithBeforeAfterMethod.java:35)
at basictestng.GoogleApplicationWithBeforeAfterMethod.cleanUp(GoogleApplicationWithBeforeAfterMethod.java:35)
at basictestng.GoogleApplicationWithBeforeAfterMethod.cleanUp(GoogleApplicationWithBeforeAfterMethod.java:35)
at basictestng.GoogleApplicationWithBeforeAfterMethod.cleanUp(GoogleApplicationWithBeforeAfterMethod.java:35)
at basictestng.GoogleApplicationWithBeforeAfterMethod.cleanUp(GoogleApplicationWithBeforeAfterMethod.java:35)
at basictestng.GoogleApplicationWithBeforeAfterMethod.cleanUp(GoogleApplicationWithBeforeAfterMethod.java:35)
at basictestng.GoogleApplicationWithBeforeAfterMethod.cleanUp(GoogleApplicationWithBeforeAfterMethod.java:35)
at basictestng.GoogleApplicationWithBeforeAfterMethod.cleanUp(GoogleApplicationWithBeforeAfterMethod.java:35)
at basictestng.GoogleApplicationWithBeforeAfterMethod.cleanUp(GoogleApplicationWithBeforeAfterMethod.java:35)
at basictestng.GoogleApplicationWithBeforeAfterMethod.cleanUp(GoogleApplicationWithBeforeAfterMethod.java:35)
at basictestng.GoogleApplicationWithBeforeAfterMethod.cleanUp(GoogleApplicationWithBeforeAfterMethod.java:35)
at basictestng.GoogleApplicationWithBeforeAfterMethod.cleanUp(GoogleApplicationWithBeforeAfterMethod.java:35)
at basictestng.GoogleApplicationWithBeforeAfterMethod.cleanUp(GoogleApplicationWithBeforeAfterMethod.java:35)
at basictestng.GoogleApplicationWithBeforeAfterMethod.cleanUp(GoogleApplicationWithBeforeAfterMethod.java:35)
at basictestng.GoogleApplicationWithBeforeAfterMethod.cleanUp(GoogleApplicationWithBeforeAfterMethod.java:35)
at basictestng.GoogleApplicationWithBeforeAfterMethod.cleanUp(GoogleApplicationWithBeforeAfterMethod.java:35)
at basictestng.GoogleApplicationWithBeforeAfterMethod.cleanUp(GoogleApplicationWithBeforeAfterMethod.java:35)
at basictestng.GoogleApplicationWithBeforeAfterMethod.cleanUp(GoogleApplicationWithBeforeAfterMethod.java:35)
at basictestng.GoogleApplicationWithBeforeAfterMethod.cleanUp(GoogleApplicationWithBeforeAfterMethod.java:35)
at basictestng.GoogleApplicationWithBeforeAfterMethod.cleanUp(GoogleApplicationWithBeforeAfterMethod.java:35)
at basictestng.GoogleApplicationWithBeforeAfterMethod.cleanUp(GoogleApplicationWithBeforeAfterMethod.java:35)
at basictestng.GoogleApplicationWithBeforeAfterMethod.cleanUp(GoogleApplicationWithBeforeAfterMethod.java:35)
at basictestng.GoogleApplicationWithBeforeAfterMethod.cleanUp(GoogleApplicationWithBeforeAfterMethod.java:35)
at basictestng.GoogleApplicationWithBeforeAfterMethod.cleanUp(GoogleApplicationWithBeforeAfterMethod.java:35)
at basictestng.GoogleApplicationWithBeforeAfterMethod.cleanUp(GoogleApplicationWithBeforeAfterMethod.java:35)
at basictestng.GoogleApplicationWithBeforeAfterMethod.cleanUp(GoogleApplicationWithBeforeAfterMethod.java:35)
at basictestng.GoogleApplicationWithBeforeAfterMethod.cleanUp(GoogleApplicationWithBeforeAfterMethod.java:35)
at basictestng.GoogleApplicationWithBeforeAfterMethod.cleanUp(GoogleApplicationWithBeforeAfterMethod.java:35)
at basictestng.GoogleApplicationWithBeforeAfterMethod.cleanUp(GoogleApplicationWithBeforeAfterMethod.java:35)
at basictestng.GoogleApplicationWithBeforeAfterMethod.cleanUp(GoogleApplicationWithBeforeAfterMethod.java:35)
at basictestng.GoogleApplicationWithBeforeAfterMethod.cleanUp(GoogleApplicationWithBeforeAfterMethod.java:35)
at basictestng.GoogleApplicationWithBeforeAfterMethod.cleanUp(GoogleApplicationWithBeforeAfterMethod.java:35)
at basictestng.GoogleApplicationWithBeforeAfterMethod.cleanUp(GoogleApplicationWithBeforeAfterMethod.java:35)
at basictestng.GoogleApplicationWithBeforeAfterMethod.cleanUp(GoogleApplicationWithBeforeAfterMethod.java:35)
at basictestng.GoogleApplicationWithBeforeAfterMethod.cleanUp(GoogleApplicationWithBeforeAfterMethod.java:35)
at basictestng.GoogleApplicationWithBeforeAfterMethod.cleanUp(GoogleApplicationWithBeforeAfterMethod.java:35)
at basictestng.GoogleApplicationWithBeforeAfterMethod.cleanUp(GoogleApplicationWithBeforeAfterMethod.java:35)
at basictestng.GoogleApplicationWithBeforeAfterMethod.cleanUp(GoogleApplicationWithBeforeAfterMethod.java:35)
at basictestng.GoogleApplicationWithBeforeAfterMethod.cleanUp(GoogleApplicationWithBeforeAfterMethod.java:35)
at basictestng.GoogleApplicationWithBeforeAfterMethod.cleanUp(GoogleApplicationWithBeforeAfterMethod.java:35)
at basictestng.GoogleApplicationWithBeforeAfterMethod.cleanUp(GoogleApplicationWithBeforeAfterMethod.java:35)
at basictestng.GoogleApplicationWithBeforeAfterMethod.cleanUp(GoogleApplicationWithBeforeAfterMethod.java:35)
at basictestng.GoogleApplicationWithBeforeAfterMethod.cleanUp(GoogleApplicationWithBeforeAfterMethod.java:35)
at basictestng.GoogleApplicationWithBeforeAfterMethod.cleanUp(GoogleApplicationWithBeforeAfterMethod.java:35)
at basictestng.GoogleApplicationWithBeforeAfterMethod.cleanUp(GoogleApplicationWithBeforeAfterMethod.java:35)
at basictestng.GoogleApplicationWithBeforeAfterMethod.cleanUp(GoogleApplicationWithBeforeAfterMethod.java:35)
at basictestng.GoogleApplicationWithBeforeAfterMethod.cleanUp(GoogleApplicationWithBeforeAfterMethod.java:35)
at basictestng.GoogleApplicationWithBeforeAfterMethod.cleanUp(GoogleApplicationWithBeforeAfterMethod.java:35)
at basictestng.GoogleApplicationWithBeforeAfterMethod.cleanUp(GoogleApplicationWithBeforeAfterMethod.java:35)
at basictestng.GoogleApplicationWithBeforeAfterMethod.cleanUp(GoogleApplicationWithBeforeAfterMethod.java:35)
at basictestng.GoogleApplicationWithBeforeAfterMethod.cleanUp(GoogleApplicationWithBeforeAfterMethod.java:35)
at basictestng.GoogleApplicationWithBeforeAfterMethod.cleanUp(GoogleApplicationWithBeforeAfterMethod.java:35)
at basictestng.GoogleApplicationWithBeforeAfterMethod.cleanUp(GoogleApplicationWithBeforeAfterMethod.java:35)
at basictestng.GoogleApplicationWithBeforeAfterMethod.cleanUp(GoogleApplicationWithBeforeAfterMethod.java:35)
at basictestng.GoogleApplicationWithBeforeAfterMethod.cleanUp(GoogleApplicationWithBeforeAfterMethod.java:35)
at basictestng.GoogleApplicationWithBeforeAfterMethod.cleanUp(GoogleApplicationWithBeforeAfterMethod.java:35)
at basictestng.GoogleApplicationWithBeforeAfterMethod.cleanUp(GoogleApplicationWithBeforeAfterMethod.java:35)
at basictestng.GoogleApplicationWithBeforeAfterMethod.cleanUp(GoogleApplicationWithBeforeAfterMethod.java:35)
at basictestng.GoogleApplicationWithBeforeAfterMethod.cleanUp(GoogleApplicationWithBeforeAfterMethod.java:35)
at basictestng.GoogleApplicationWithBeforeAfterMethod.cleanUp(GoogleApplicationWithBeforeAfterMethod.java:35)
at basictestng.GoogleApplicationWithBeforeAfterMethod.cleanUp(GoogleApplicationWithBeforeAfterMethod.java:35)
at basictestng.GoogleApplicationWithBeforeAfterMethod.cleanUp(GoogleApplicationWithBeforeAfterMethod.java:35)
at basictestng.GoogleApplicationWithBeforeAfterMethod.cleanUp(GoogleApplicationWithBeforeAfterMethod.java:35)
at basictestng.GoogleApplicationWithBeforeAfterMethod.cleanUp(GoogleApplicationWithBeforeAfterMethod.java:35)
at basictestng.GoogleApplicationWithBeforeAfterMethod.cleanUp(GoogleApplicationWithBeforeAfterMethod.java:35)
at basictestng.GoogleApplicationWithBeforeAfterMethod.cleanUp(GoogleApplicationWithBeforeAfterMethod.java:35)
at basictestng.GoogleApplicationWithBeforeAfterMethod.cleanUp(GoogleApplicationWithBeforeAfterMethod.java:35)
at basictestng.GoogleApplicationWithBeforeAfterMethod.cleanUp(GoogleApplicationWithBeforeAfterMethod.java:35)
at basictestng.GoogleApplicationWithBeforeAfterMethod.cleanUp(GoogleApplicationWithBeforeAfterMethod.java:35)
at basictestng.GoogleApplicationWithBeforeAfterMethod.cleanUp(GoogleApplicationWithBeforeAfterMethod.java:35)
at basictestng.GoogleApplicationWithBeforeAfterMethod.cleanUp(GoogleApplicationWithBeforeAfterMethod.java:35)
at basictestng.GoogleApplicationWithBeforeAfterMethod.cleanUp(GoogleApplicationWithBeforeAfterMethod.java:35)
at basictestng.GoogleApplicationWithBeforeAfterMethod.cleanUp(GoogleApplicationWithBeforeAfterMethod.java:35)
at basictestng.GoogleApplicationWithBeforeAfterMethod.cleanUp(GoogleApplicationWithBeforeAfterMethod.java:35)
at basictestng.GoogleApplicationWithBeforeAfterMethod.cleanUp(GoogleApplicationWithBeforeAfterMethod.java:35)
at basictestng.GoogleApplicationWithBeforeAfterMethod.cleanUp(GoogleApplicationWithBeforeAfterMethod.java:35)
at basictestng.GoogleApplicationWithBeforeAfterMethod.cleanUp(GoogleApplicationWithBeforeAfterMethod.java:35)
at basictestng.GoogleApplicationWithBeforeAfterMethod.cleanUp(GoogleApplicationWithBeforeAfterMethod.java:35)
at basictestng.GoogleApplicationWithBeforeAfterMethod.cleanUp(GoogleApplicationWithBeforeAfterMethod.java:35)
at basictestng.GoogleApplicationWithBeforeAfterMethod.cleanUp(GoogleApplicationWithBeforeAfterMethod.java:35)
at basictestng.GoogleApplicationWithBeforeAfterMethod.cleanUp(GoogleApplicationWithBeforeAfterMethod.java:35)
at basictestng.GoogleApplicationWithBeforeAfterMethod.cleanUp(GoogleApplicationWithBeforeAfterMethod.java:35)
at basictestng.GoogleApplicationWithBeforeAfterMethod.cleanUp(GoogleApplicationWithBeforeAfterMethod.java:35)
at basictestng.GoogleApplicationWithBeforeAfterMethod.cleanUp(GoogleApplicationWithBeforeAfterMethod.java:35)
at basictestng.GoogleApplicationWithBeforeAfterMethod.cleanUp(GoogleApplicationWithBeforeAfterMethod.java:35)
at basictestng.GoogleApplicationWithBeforeAfterMethod.cleanUp(GoogleApplicationWithBeforeAfterMethod.java:35)
at basictestng.GoogleApplicationWithBeforeAfterMethod.cleanUp(GoogleApplicationWithBeforeAfterMethod.java:35)
at basictestng.GoogleApplicationWithBeforeAfterMethod.cleanUp(GoogleApplicationWithBeforeAfterMethod.java:35)
at basictestng.GoogleApplicationWithBeforeAfterMethod.cleanUp(GoogleApplicationWithBeforeAfterMethod.java:35)
at basictestng.GoogleApplicationWithBeforeAfterMethod.cleanUp(GoogleApplicationWithBeforeAfterMethod.java:35)
at basictestng.GoogleApplicationWithBeforeAfterMethod.cleanUp(GoogleApplicationWithBeforeAfterMethod.java:35)
at basictestng.GoogleApplicationWithBeforeAfterMethod.cleanUp(GoogleApplicationWithBeforeAfterMethod.java:35)
at basictestng.GoogleApplicationWithBeforeAfterMethod.cleanUp(GoogleApplicationWithBeforeAfterMethod.java:35)
at basictestng.GoogleApplicationWithBeforeAfterMethod.cleanUp(GoogleApplicationWithBeforeAfterMethod.java:35)
at basictestng.GoogleApplicationWithBeforeAfterMethod.cleanUp(GoogleApplicationWithBeforeAfterMethod.java:35)
at basictestng.GoogleApplicationWithBeforeAfterMethod.cleanUp(GoogleApplicationWithBeforeAfterMethod.java:35)
at basictestng.GoogleApplicationWithBeforeAfterMethod.cleanUp(GoogleApplicationWithBeforeAfterMethod.java:35)
at basictestng.GoogleApplicationWithBeforeAfterMethod.cleanUp(GoogleApplicationWithBeforeAfterMethod.java:35)
at basictestng.GoogleApplicationWithBeforeAfterMethod.cleanUp(GoogleApplicationWithBeforeAfterMethod.java:35)
at basictestng.GoogleApplicationWithBeforeAfterMethod.cleanUp(GoogleApplicationWithBeforeAfterMethod.java:35)
at basictestng.GoogleApplicationWithBeforeAfterMethod.cleanUp(GoogleApplicationWithBeforeAfterMethod.java:35)
at basictestng.GoogleApplicationWithBeforeAfterMethod.cleanUp(GoogleApplicationWithBeforeAfterMethod.java:35)
at basictestng.GoogleApplicationWithBeforeAfterMethod.cleanUp(GoogleApplicationWithBeforeAfterMethod.java:35)
at basictestng.GoogleApplicationWithBeforeAfterMethod.cleanUp(GoogleApplicationWithBeforeAfterMethod.java:35)
at basictestng.GoogleApplicationWithBeforeAfterMethod.cleanUp(GoogleApplicationWithBeforeAfterMethod.java:35)
at basictestng.GoogleApplicationWithBeforeAfterMethod.cleanUp(GoogleApplicationWithBeforeAfterMethod.java:35)
at basictestng.GoogleApplicationWithBeforeAfterMethod.cleanUp(GoogleApplicationWithBeforeAfterMethod.java:35)
at basictestng.GoogleApplicationWithBeforeAfterMethod.cleanUp(GoogleApplicationWithBeforeAfterMethod.java:35)
at basictestng.GoogleApplicationWithBeforeAfterMethod.cleanUp(GoogleApplicationWithBeforeAfterMethod.java:35)
at basictestng.GoogleApplicationWithBeforeAfterMethod.cleanUp(GoogleApplicationWithBeforeAfterMethod.java:35)
at basictestng.GoogleApplicationWithBeforeAfterMethod.cleanUp(GoogleApplicationWithBeforeAfterMethod.java:35)
at basictestng.GoogleApplicationWithBeforeAfterMethod.cleanUp(GoogleApplicationWithBeforeAfterMethod.java:35)
at basictestng.GoogleApplicationWithBeforeAfterMethod.cleanUp(GoogleApplicationWithBeforeAfterMethod.java:35)
at basictestng.GoogleApplicationWithBeforeAfterMethod.cleanUp(GoogleApplicationWithBeforeAfterMethod.java:35)
at basictestng.GoogleApplicationWithBeforeAfterMethod.cleanUp(GoogleApplicationWithBeforeAfterMethod.java:35)
at basictestng.GoogleApplicationWithBeforeAfterMethod.cleanUp(GoogleApplicationWithBeforeAfterMethod.java:35)
at basictestng.GoogleApplicationWithBeforeAfterMethod.cleanUp(GoogleApplicationWithBeforeAfterMethod.java:35)
at basictestng.GoogleApplicationWithBeforeAfterMethod.cleanUp(GoogleApplicationWithBeforeAfterMethod.java:35)
at basictestng.GoogleApplicationWithBeforeAfterMethod.cleanUp(GoogleApplicationWithBeforeAfterMethod.java:35)
at basictestng.GoogleApplicationWithBeforeAfterMethod.cleanUp(GoogleApplicationWithBeforeAfterMethod.java:35)
at basictestng.GoogleApplicationWithBeforeAfterMethod.cleanUp(GoogleApplicationWithBeforeAfterMethod.java:35)
at basictestng.GoogleApplicationWithBeforeAfterMethod.cleanUp(GoogleApplicationWithBeforeAfterMethod.java:35)
at basictestng.GoogleApplicationWithBeforeAfterMethod.cleanUp(GoogleApplicationWithBeforeAfterMethod.java:35)
at basictestng.GoogleApplicationWithBeforeAfterMethod.cleanUp(GoogleApplicationWithBeforeAfterMethod.java:35)
at basictestng.GoogleApplicationWithBeforeAfterMethod.cleanUp(GoogleApplicationWithBeforeAfterMethod.java:35)
at basictestng.GoogleApplicationWithBeforeAfterMethod.cleanUp(GoogleApplicationWithBeforeAfterMethod.java:35)
at basictestng.GoogleApplicationWithBeforeAfterMethod.cleanUp(GoogleApplicationWithBeforeAfterMethod.java:35)
at basictestng.GoogleApplicationWithBeforeAfterMethod.cleanUp(GoogleApplicationWithBeforeAfterMethod.java:35)
at basictestng.GoogleApplicationWithBeforeAfterMethod.cleanUp(GoogleApplicationWithBeforeAfterMethod.java:35)
at basictestng.GoogleApplicationWithBeforeAfterMethod.cleanUp(GoogleApplicationWithBeforeAfterMethod.java:35)
at basictestng.GoogleApplicationWithBeforeAfterMethod.cleanUp(GoogleApplicationWithBeforeAfterMethod.java:35)
at basictestng.GoogleApplicationWithBeforeAfterMethod.cleanUp(GoogleApplicationWithBeforeAfterMethod.java:35)
at basictestng.GoogleApplicationWithBeforeAfterMethod.cleanUp(GoogleApplicationWithBeforeAfterMethod.java:35)
at basictestng.GoogleApplicationWithBeforeAfterMethod.cleanUp(GoogleApplicationWithBeforeAfterMethod.java:35)
at basictestng.GoogleApplicationWithBeforeAfterMethod.cleanUp(GoogleApplicationWithBeforeAfterMethod.java:35)
at basictestng.GoogleApplicationWithBeforeAfterMethod.cleanUp(GoogleApplicationWithBeforeAfterMethod.java:35)
at basictestng.GoogleApplicationWithBeforeAfterMethod.cleanUp(GoogleApplicationWithBeforeAfterMethod.java:35)
at basictestng.GoogleApplicationWithBeforeAfterMethod.cleanUp(GoogleApplicationWithBeforeAfterMethod.java:35)
at basictestng.GoogleApplicationWithBeforeAfterMethod.cleanUp(GoogleApplicationWithBeforeAfterMethod.java:35)
at basictestng.GoogleApplicationWithBeforeAfterMethod.cleanUp(GoogleApplicationWithBeforeAfterMethod.java:35)
at basictestng.GoogleApplicationWithBeforeAfterMethod.cleanUp(GoogleApplicationWithBeforeAfterMethod.java:35)
at basictestng.GoogleApplicationWithBeforeAfterMethod.cleanUp(GoogleApplicationWithBeforeAfterMethod.java:35)
at basictestng.GoogleApplicationWithBeforeAfterMethod.cleanUp(GoogleApplicationWithBeforeAfterMethod.java:35)
at basictestng.GoogleApplicationWithBeforeAfterMethod.cleanUp(GoogleApplicationWithBeforeAfterMethod.java:35)
at basictestng.GoogleApplicationWithBeforeAfterMethod.cleanUp(GoogleApplicationWithBeforeAfterMethod.java:35)
at basictestng.GoogleApplicationWithBeforeAfterMethod.cleanUp(GoogleApplicationWithBeforeAfterMethod.java:35)
at basictestng.GoogleApplicationWithBeforeAfterMethod.cleanUp(GoogleApplicationWithBeforeAfterMethod.java:35)
at basictestng.GoogleApplicationWithBeforeAfterMethod.cleanUp(GoogleApplicationWithBeforeAfterMethod.java:35)
at basictestng.GoogleApplicationWithBeforeAfterMethod.cleanUp(GoogleApplicationWithBeforeAfterMethod.java:35)
at basictestng.GoogleApplicationWithBeforeAfterMethod.cleanUp(GoogleApplicationWithBeforeAfterMethod.java:35)
at basictestng.GoogleApplicationWithBeforeAfterMethod.cleanUp(GoogleApplicationWithBeforeAfterMethod.java:35)
at basictestng.GoogleApplicationWithBeforeAfterMethod.cleanUp(GoogleApplicationWithBeforeAfterMethod.java:35)
at basictestng.GoogleApplicationWithBeforeAfterMethod.cleanUp(GoogleApplicationWithBeforeAfterMethod.java:35)
at basictestng.GoogleApplicationWithBeforeAfterMethod.cleanUp(GoogleApplicationWithBeforeAfterMethod.java:35)
at basictestng.GoogleApplicationWithBeforeAfterMethod.cleanUp(GoogleApplicationWithBeforeAfterMethod.java:35)
at basictestng.GoogleApplicationWithBeforeAfterMethod.cleanUp(GoogleApplicationWithBeforeAfterMethod.java:35)
at basictestng.GoogleApplicationWithBeforeAfterMethod.cleanUp(GoogleApplicationWithBeforeAfterMethod.java:35)
at basictestng.GoogleApplicationWithBeforeAfterMethod.cleanUp(GoogleApplicationWithBeforeAfterMethod.java:35)
at basictestng.GoogleApplicationWithBeforeAfterMethod.cleanUp(GoogleApplicationWithBeforeAfterMethod.java:35)
at basictestng.GoogleApplicationWithBeforeAfterMethod.cleanUp(GoogleApplicationWithBeforeAfterMethod.java:35)
at basictestng.GoogleApplicationWithBeforeAfterMethod.cleanUp(GoogleApplicationWithBeforeAfterMethod.java:35)
at basictestng.GoogleApplicationWithBeforeAfterMethod.cleanUp(GoogleApplicationWithBeforeAfterMethod.java:35)
at basictestng.GoogleApplicationWithBeforeAfterMethod.cleanUp(GoogleApplicationWithBeforeAfterMethod.java:35)
at basictestng.GoogleApplicationWithBeforeAfterMethod.cleanUp(GoogleApplicationWithBeforeAfterMethod.java:35)
at basictestng.GoogleApplicationWithBeforeAfterMethod.cleanUp(GoogleApplicationWithBeforeAfterMethod.java:35)
at basictestng.GoogleApplicationWithBeforeAfterMethod.cleanUp(GoogleApplicationWithBeforeAfterMethod.java:35)
at basictestng.GoogleApplicationWithBeforeAfterMethod.cleanUp(GoogleApplicationWithBeforeAfterMethod.java:35)
at basictestng.GoogleApplicationWithBeforeAfterMethod.cleanUp(GoogleApplicationWithBeforeAfterMethod.java:35)
at basictestng.GoogleApplicationWithBeforeAfterMethod.cleanUp(GoogleApplicationWithBeforeAfterMethod.java:35)
at basictestng.GoogleApplicationWithBeforeAfterMethod.cleanUp(GoogleApplicationWithBeforeAfterMethod.java:35)
at basictestng.GoogleApplicationWithBeforeAfterMethod.cleanUp(GoogleApplicationWithBeforeAfterMethod.java:35)
at basictestng.GoogleApplicationWithBeforeAfterMethod.cleanUp(GoogleApplicationWithBeforeAfterMethod.java:35)
at basictestng.GoogleApplicationWithBeforeAfterMethod.cleanUp(GoogleApplicationWithBeforeAfterMethod.java:35)
at basictestng.GoogleApplicationWithBeforeAfterMethod.cleanUp(GoogleApplicationWithBeforeAfterMethod.java:35)
at basictestng.GoogleApplicationWithBeforeAfterMethod.cleanUp(GoogleApplicationWithBeforeAfterMethod.java:35)
at basictestng.GoogleApplicationWithBeforeAfterMethod.cleanUp(GoogleApplicationWithBeforeAfterMethod.java:35)
at basictestng.GoogleApplicationWithBeforeAfterMethod.cleanUp(GoogleApplicationWithBeforeAfterMethod.java:35)
at basictestng.GoogleApplicationWithBeforeAfterMethod.cleanUp(GoogleApplicationWithBeforeAfterMethod.java:35)
at basictestng.GoogleApplicationWithBeforeAfterMethod.cleanUp(GoogleApplicationWithBeforeAfterMethod.java:35)
at basictestng.GoogleApplicationWithBeforeAfterMethod.cleanUp(GoogleApplicationWithBeforeAfterMethod.java:35)
at basictestng.GoogleApplicationWithBeforeAfterMethod.cleanUp(GoogleApplicationWithBeforeAfterMethod.java:35)
at basictestng.GoogleApplicationWithBeforeAfterMethod.cleanUp(GoogleApplicationWithBeforeAfterMethod.java:35)
at basictestng.GoogleApplicationWithBeforeAfterMethod.cleanUp(GoogleApplicationWithBeforeAfterMethod.java:35)
at basictestng.GoogleApplicationWithBeforeAfterMethod.cleanUp(GoogleApplicationWithBeforeAfterMethod.java:35)
at basictestng.GoogleApplicationWithBeforeAfterMethod.cleanUp(GoogleApplicationWithBeforeAfterMethod.java:35)
at basictestng.GoogleApplicationWithBeforeAfterMethod.cleanUp(GoogleApplicationWithBeforeAfterMethod.java:35)
at basictestng.GoogleApplicationWithBeforeAfterMethod.cleanUp(GoogleApplicationWithBeforeAfterMethod.java:35)
at basictestng.GoogleApplicationWithBeforeAfterMethod.cleanUp(GoogleApplicationWithBeforeAfterMethod.java:35)
at basictestng.GoogleApplicationWithBeforeAfterMethod.cleanUp(GoogleApplicationWithBeforeAfterMethod.java:35)
at basictestng.GoogleApplicationWithBeforeAfterMethod.cleanUp(GoogleApplicationWithBeforeAfterMethod.java:35)
at basictestng.GoogleApplicationWithBeforeAfterMethod.cleanUp(GoogleApplicationWithBeforeAfterMethod.java:35)
at basictestng.GoogleApplicationWithBeforeAfterMethod.cleanUp(GoogleApplicationWithBeforeAfterMethod.java:35)
at basictestng.GoogleApplicationWithBeforeAfterMethod.cleanUp(GoogleApplicationWithBeforeAfterMethod.java:35)
at basictestng.GoogleApplicationWithBeforeAfterMethod.cleanUp(GoogleApplicationWithBeforeAfterMethod.java:35)
at basictestng.GoogleApplicationWithBeforeAfterMethod.cleanUp(GoogleApplicationWithBeforeAfterMethod.java:35)
at basictestng.GoogleApplicationWithBeforeAfterMethod.cleanUp(GoogleApplicationWithBeforeAfterMethod.java:35)
at basictestng.GoogleApplicationWithBeforeAfterMethod.cleanUp(GoogleApplicationWithBeforeAfterMethod.java:35)
at basictestng.GoogleApplicationWithBeforeAfterMethod.cleanUp(GoogleApplicationWithBeforeAfterMethod.java:35)
at basictestng.GoogleApplicationWithBeforeAfterMethod.cleanUp(GoogleApplicationWithBeforeAfterMethod.java:35)
at basictestng.GoogleApplicationWithBeforeAfterMethod.cleanUp(GoogleApplicationWithBeforeAfterMethod.java:35)
at basictestng.GoogleApplicationWithBeforeAfterMethod.cleanUp(GoogleApplicationWithBeforeAfterMethod.java:35)
at basictestng.GoogleApplicationWithBeforeAfterMethod.cleanUp(GoogleApplicationWithBeforeAfterMethod.java:35)
at basictestng.GoogleApplicationWithBeforeAfterMethod.cleanUp(GoogleApplicationWithBeforeAfterMethod.java:35)
at basictestng.GoogleApplicationWithBeforeAfterMethod.cleanUp(GoogleApplicationWithBeforeAfterMethod.java:35)
at basictestng.GoogleApplicationWithBeforeAfterMethod.cleanUp(GoogleApplicationWithBeforeAfterMethod.java:35)
at basictestng.GoogleApplicationWithBeforeAfterMethod.cleanUp(GoogleApplicationWithBeforeAfterMethod.java:35)
at basictestng.GoogleApplicationWithBeforeAfterMethod.cleanUp(GoogleApplicationWithBeforeAfterMethod.java:35)
at basictestng.GoogleApplicationWithBeforeAfterMethod.cleanUp(GoogleApplicationWithBeforeAfterMethod.java:35)
at basictestng.GoogleApplicationWithBeforeAfterMethod.cleanUp(GoogleApplicationWithBeforeAfterMethod.java:35)
at basictestng.GoogleApplicationWithBeforeAfterMethod.cleanUp(GoogleApplicationWithBeforeAfterMethod.java:35)
at basictestng.GoogleApplicationWithBeforeAfterMethod.cleanUp(GoogleApplicationWithBeforeAfterMethod.java:35)
at basictestng.GoogleApplicationWithBeforeAfterMethod.cleanUp(GoogleApplicationWithBeforeAfterMethod.java:35)
at basictestng.GoogleApplicationWithBeforeAfterMethod.cleanUp(GoogleApplicationWithBeforeAfterMethod.java:35)
at basictestng.GoogleApplicationWithBeforeAfterMethod.cleanUp(GoogleApplicationWithBeforeAfterMethod.java:35)
at basictestng.GoogleApplicationWithBeforeAfterMethod.cleanUp(GoogleApplicationWithBeforeAfterMethod.java:35)
at basictestng.GoogleApplicationWithBeforeAfterMethod.cleanUp(GoogleApplicationWithBeforeAfterMethod.java:35)
at basictestng.GoogleApplicationWithBeforeAfterMethod.cleanUp(GoogleApplicationWithBeforeAfterMethod.java:35)
at basictestng.GoogleApplicationWithBeforeAfterMethod.cleanUp(GoogleApplicationWithBeforeAfterMethod.java:35)
at basictestng.GoogleApplicationWithBeforeAfterMethod.cleanUp(GoogleApplicationWithBeforeAfterMethod.java:35)
at basictestng.GoogleApplicationWithBeforeAfterMethod.cleanUp(GoogleApplicationWithBeforeAfterMethod.java:35)
at basictestng.GoogleApplicationWithBeforeAfterMethod.cleanUp(GoogleApplicationWithBeforeAfterMethod.java:35)
at basictestng.GoogleApplicationWithBeforeAfterMethod.cleanUp(GoogleApplicationWithBeforeAfterMethod.java:35)
at basictestng.GoogleApplicationWithBeforeAfterMethod.cleanUp(GoogleApplicationWithBeforeAfterMethod.java:35)
at basictestng.GoogleApplicationWithBeforeAfterMethod.cleanUp(GoogleApplicationWithBeforeAfterMethod.java:35)
at basictestng.GoogleApplicationWithBeforeAfterMethod.cleanUp(GoogleApplicationWithBeforeAfterMethod.java:35)
at basictestng.GoogleApplicationWithBeforeAfterMethod.cleanUp(GoogleApplicationWithBeforeAfterMethod.java:35)
at basictestng.GoogleApplicationWithBeforeAfterMethod.cleanUp(GoogleApplicationWithBeforeAfterMethod.java:35)
at basictestng.GoogleApplicationWithBeforeAfterMethod.cleanUp(GoogleApplicationWithBeforeAfterMethod.java:35)
at basictestng.GoogleApplicationWithBeforeAfterMethod.cleanUp(GoogleApplicationWithBeforeAfterMethod.java:35)
at basictestng.GoogleApplicationWithBeforeAfterMethod.cleanUp(GoogleApplicationWithBeforeAfterMethod.java:35)
at basictestng.GoogleApplicationWithBeforeAfterMethod.cleanUp(GoogleApplicationWithBeforeAfterMethod.java:35)
at basictestng.GoogleApplicationWithBeforeAfterMethod.cleanUp(GoogleApplicationWithBeforeAfterMethod.java:35)
at basictestng.GoogleApplicationWithBeforeAfterMethod.cleanUp(GoogleApplicationWithBeforeAfterMethod.java:35)
at basictestng.GoogleApplicationWithBeforeAfterMethod.cleanUp(GoogleApplicationWithBeforeAfterMethod.java:35)
at basictestng.GoogleApplicationWithBeforeAfterMethod.cleanUp(GoogleApplicationWithBeforeAfterMethod.java:35)
at basictestng.GoogleApplicationWithBeforeAfterMethod.cleanUp(GoogleApplicationWithBeforeAfterMethod.java:35)
at basictestng.GoogleApplicationWithBeforeAfterMethod.cleanUp(GoogleApplicationWithBeforeAfterMethod.java:35)
at basictestng.GoogleApplicationWithBeforeAfterMethod.cleanUp(GoogleApplicationWithBeforeAfterMethod.java:35)
at basictestng.GoogleApplicationWithBeforeAfterMethod.cleanUp(GoogleApplicationWithBeforeAfterMethod.java:35)
at basictestng.GoogleApplicationWithBeforeAfterMethod.cleanUp(GoogleApplicationWithBeforeAfterMethod.java:35)
at basictestng.GoogleApplicationWithBeforeAfterMethod.cleanUp(GoogleApplicationWithBeforeAfterMethod.java:35)
at basictestng.GoogleApplicationWithBeforeAfterMethod.cleanUp(GoogleApplicationWithBeforeAfterMethod.java:35)
at basictestng.GoogleApplicationWithBeforeAfterMethod.cleanUp(GoogleApplicationWithBeforeAfterMethod.java:35)
at basictestng.GoogleApplicationWithBeforeAfterMethod.cleanUp(GoogleApplicationWithBeforeAfterMethod.java:35)
at basictestng.GoogleApplicationWithBeforeAfterMethod.cleanUp(GoogleApplicationWithBeforeAfterMethod.java:35)
at basictestng.GoogleApplicationWithBeforeAfterMethod.cleanUp(GoogleApplicationWithBeforeAfterMethod.java:35)
at basictestng.GoogleApplicationWithBeforeAfterMethod.cleanUp(GoogleApplicationWithBeforeAfterMethod.java:35)
at basictestng.GoogleApplicationWithBeforeAfterMethod.cleanUp(GoogleApplicationWithBeforeAfterMethod.java:35)
at basictestng.GoogleApplicationWithBeforeAfterMethod.cleanUp(GoogleApplicationWithBeforeAfterMethod.java:35)
at basictestng.GoogleApplicationWithBeforeAfterMethod.cleanUp(GoogleApplicationWithBeforeAfterMethod.java:35)
at basictestng.GoogleApplicationWithBeforeAfterMethod.cleanUp(GoogleApplicationWithBeforeAfterMethod.java:35)
at basictestng.GoogleApplicationWithBeforeAfterMethod.cleanUp(GoogleApplicationWithBeforeAfterMethod.java:35)
at basictestng.GoogleApplicationWithBeforeAfterMethod.cleanUp(GoogleApplicationWithBeforeAfterMethod.java:35)
at basictestng.GoogleApplicationWithBeforeAfterMethod.cleanUp(GoogleApplicationWithBeforeAfterMethod.java:35)
at basictestng.GoogleApplicationWithBeforeAfterMethod.cleanUp(GoogleApplicationWithBeforeAfterMethod.java:35)
at basictestng.GoogleApplicationWithBeforeAfterMethod.cleanUp(GoogleApplicationWithBeforeAfterMethod.java:35)
at basictestng.GoogleApplicationWithBeforeAfterMethod.cleanUp(GoogleApplicationWithBeforeAfterMethod.java:35)
at basictestng.GoogleApplicationWithBeforeAfterMethod.cleanUp(GoogleApplicationWithBeforeAfterMethod.java:35)
at basictestng.GoogleApplicationWithBeforeAfterMethod.cleanUp(GoogleApplicationWithBeforeAfterMethod.java:35)
at basictestng.GoogleApplicationWithBeforeAfterMethod.cleanUp(GoogleApplicationWithBeforeAfterMethod.java:35)
at basictestng.GoogleApplicationWithBeforeAfterMethod.cleanUp(GoogleApplicationWithBeforeAfterMethod.java:35)
at basictestng.GoogleApplicationWithBeforeAfterMethod.cleanUp(GoogleApplicationWithBeforeAfterMethod.java:35)
at basictestng.GoogleApplicationWithBeforeAfterMethod.cleanUp(GoogleApplicationWithBeforeAfterMethod.java:35)
at basictestng.GoogleApplicationWithBeforeAfterMethod.cleanUp(GoogleApplicationWithBeforeAfterMethod.java:35)
at basictestng.GoogleApplicationWithBeforeAfterMethod.cleanUp(GoogleApplicationWithBeforeAfterMethod.java:35)
at basictestng.GoogleApplicationWithBeforeAfterMethod.cleanUp(GoogleApplicationWithBeforeAfterMethod.java:35)
at basictestng.GoogleApplicationWithBeforeAfterMethod.cleanUp(GoogleApplicationWithBeforeAfterMethod.java:35)
at basictestng.GoogleApplicationWithBeforeAfterMethod.cleanUp(GoogleApplicationWithBeforeAfterMethod.java:35)
at basictestng.GoogleApplicationWithBeforeAfterMethod.cleanUp(GoogleApplicationWithBeforeAfterMethod.java:35)
at basictestng.GoogleApplicationWithBeforeAfterMethod.cleanUp(GoogleApplicationWithBeforeAfterMethod.java:35)
at basictestng.GoogleApplicationWithBeforeAfterMethod.cleanUp(GoogleApplicationWithBeforeAfterMethod.java:35)
at basictestng.GoogleApplicationWithBeforeAfterMethod.cleanUp(GoogleApplicationWithBeforeAfterMethod.java:35)
at basictestng.GoogleApplicationWithBeforeAfterMethod.cleanUp(GoogleApplicationWithBeforeAfterMethod.java:35)
at basictestng.GoogleApplicationWithBeforeAfterMethod.cleanUp(GoogleApplicationWithBeforeAfterMethod.java:35)
at basictestng.GoogleApplicationWithBeforeAfterMethod.cleanUp(GoogleApplicationWithBeforeAfterMethod.java:35)
at basictestng.GoogleApplicationWithBeforeAfterMethod.cleanUp(GoogleApplicationWithBeforeAfterMethod.java:35)
at basictestng.GoogleApplicationWithBeforeAfterMethod.cleanUp(GoogleApplicationWithBeforeAfterMethod.java:35)
at basictestng.GoogleApplicationWithBeforeAfterMethod.cleanUp(GoogleApplicationWithBeforeAfterMethod.java:35)
at basictestng.GoogleApplicationWithBeforeAfterMethod.cleanUp(GoogleApplicationWithBeforeAfterMethod.java:35)
at basictestng.GoogleApplicationWithBeforeAfterMethod.cleanUp(GoogleApplicationWithBeforeAfterMethod.java:35)
at basictestng.GoogleApplicationWithBeforeAfterMethod.cleanUp(GoogleApplicationWithBeforeAfterMethod.java:35)
at basictestng.GoogleApplicationWithBeforeAfterMethod.cleanUp(GoogleApplicationWithBeforeAfterMethod.java:35)
at basictestng.GoogleApplicationWithBeforeAfterMethod.cleanUp(GoogleApplicationWithBeforeAfterMethod.java:35)
at basictestng.GoogleApplicationWithBeforeAfterMethod.cleanUp(GoogleApplicationWithBeforeAfterMethod.java:35)
at basictestng.GoogleApplicationWithBeforeAfterMethod.cleanUp(GoogleApplicationWithBeforeAfterMethod.java:35)
at basictestng.GoogleApplicationWithBeforeAfterMethod.cleanUp(GoogleApplicationWithBeforeAfterMethod.java:35)
at basictestng.GoogleApplicationWithBeforeAfterMethod.cleanUp(GoogleApplicationWithBeforeAfterMethod.java:35)
at basictestng.GoogleApplicationWithBeforeAfterMethod.cleanUp(GoogleApplicationWithBeforeAfterMethod.java:35)
at basictestng.GoogleApplicationWithBeforeAfterMethod.cleanUp(GoogleApplicationWithBeforeAfterMethod.java:35)
at basictestng.GoogleApplicationWithBeforeAfterMethod.cleanUp(GoogleApplicationWithBeforeAfterMethod.java:35)
at basictestng.GoogleApplicationWithBeforeAfterMethod.cleanUp(GoogleApplicationWithBeforeAfterMethod.java:35)
at basictestng.GoogleApplicationWithBeforeAfterMethod.cleanUp(GoogleApplicationWithBeforeAfterMethod.java:35)
at basictestng.GoogleApplicationWithBeforeAfterMethod.cleanUp(GoogleApplicationWithBeforeAfterMethod.java:35)
at basictestng.GoogleApplicationWithBeforeAfterMethod.cleanUp(GoogleApplicationWithBeforeAfterMethod.java:35)
at basictestng.GoogleApplicationWithBeforeAfterMethod.cleanUp(GoogleApplicationWithBeforeAfterMethod.java:35)
at basictestng.GoogleApplicationWithBeforeAfterMethod.cleanUp(GoogleApplicationWithBeforeAfterMethod.java:35)
at basictestng.GoogleApplicationWithBeforeAfterMethod.cleanUp(GoogleApplicationWithBeforeAfterMethod.java:35)
at basictestng.GoogleApplicationWithBeforeAfterMethod.cleanUp(GoogleApplicationWithBeforeAfterMethod.java:35)
at basictestng.GoogleApplicationWithBeforeAfterMethod.cleanUp(GoogleApplicationWithBeforeAfterMethod.java:35)
at basictestng.GoogleApplicationWithBeforeAfterMethod.cleanUp(GoogleApplicationWithBeforeAfterMethod.java:35)
at basictestng.GoogleApplicationWithBeforeAfterMethod.cleanUp(GoogleApplicationWithBeforeAfterMethod.java:35)
at basictestng.GoogleApplicationWithBeforeAfterMethod.cleanUp(GoogleApplicationWithBeforeAfterMethod.java:35)
at basictestng.GoogleApplicationWithBeforeAfterMethod.cleanUp(GoogleApplicationWithBeforeAfterMethod.java:35)
at basictestng.GoogleApplicationWithBeforeAfterMethod.cleanUp(GoogleApplicationWithBeforeAfterMethod.java:35)
at basictestng.GoogleApplicationWithBeforeAfterMethod.cleanUp(GoogleApplicationWithBeforeAfterMethod.java:35)
at basictestng.GoogleApplicationWithBeforeAfterMethod.cleanUp(GoogleApplicationWithBeforeAfterMethod.java:35)
at basictestng.GoogleApplicationWithBeforeAfterMethod.cleanUp(GoogleApplicationWithBeforeAfterMethod.java:35)
at basictestng.GoogleApplicationWithBeforeAfterMethod.cleanUp(GoogleApplicationWithBeforeAfterMethod.java:35)
at basictestng.GoogleApplicationWithBeforeAfterMethod.cleanUp(GoogleApplicationWithBeforeAfterMethod.java:35)
at basictestng.GoogleApplicationWithBeforeAfterMethod.cleanUp(GoogleApplicationWithBeforeAfterMethod.java:35)
at basictestng.GoogleApplicationWithBeforeAfterMethod.cleanUp(GoogleApplicationWithBeforeAfterMethod.java:35)
at basictestng.GoogleApplicationWithBeforeAfterMethod.cleanUp(GoogleApplicationWithBeforeAfterMethod.java:35)
at basictestng.GoogleApplicationWithBeforeAfterMethod.cleanUp(GoogleApplicationWithBeforeAfterMethod.java:35)
at basictestng.GoogleApplicationWithBeforeAfterMethod.cleanUp(GoogleApplicationWithBeforeAfterMethod.java:35)
at basictestng.GoogleApplicationWithBeforeAfterMethod.cleanUp(GoogleApplicationWithBeforeAfterMethod.java:35)
at basictestng.GoogleApplicationWithBeforeAfterMethod.cleanUp(GoogleApplicationWithBeforeAfterMethod.java:35)
at basictestng.GoogleApplicationWithBeforeAfterMethod.cleanUp(GoogleApplicationWithBeforeAfterMethod.java:35)
at basictestng.GoogleApplicationWithBeforeAfterMethod.cleanUp(GoogleApplicationWithBeforeAfterMethod.java:35)
at basictestng.GoogleApplicationWithBeforeAfterMethod.cleanUp(GoogleApplicationWithBeforeAfterMethod.java:35)
at basictestng.GoogleApplicationWithBeforeAfterMethod.cleanUp(GoogleApplicationWithBeforeAfterMethod.java:35)
at basictestng.GoogleApplicationWithBeforeAfterMethod.cleanUp(GoogleApplicationWithBeforeAfterMethod.java:35)
at basictestng.GoogleApplicationWithBeforeAfterMethod.cleanUp(GoogleApplicationWithBeforeAfterMethod.java:35)
at basictestng.GoogleApplicationWithBeforeAfterMethod.cleanUp(GoogleApplicationWithBeforeAfterMethod.java:35)
at basictestng.GoogleApplicationWithBeforeAfterMethod.cleanUp(GoogleApplicationWithBeforeAfterMethod.java:35)
at basictestng.GoogleApplicationWithBeforeAfterMethod.cleanUp(GoogleApplicationWithBeforeAfterMethod.java:35)
at basictestng.GoogleApplicationWithBeforeAfterMethod.cleanUp(GoogleApplicationWithBeforeAfterMethod.java:35)
at basictestng.GoogleApplicationWithBeforeAfterMethod.cleanUp(GoogleApplicationWithBeforeAfterMethod.java:35)
at basictestng.GoogleApplicationWithBeforeAfterMethod.cleanUp(GoogleApplicationWithBeforeAfterMethod.java:35)
at basictestng.GoogleApplicationWithBeforeAfterMethod.cleanUp(GoogleApplicationWithBeforeAfterMethod.java:35)
at basictestng.GoogleApplicationWithBeforeAfterMethod.cleanUp(GoogleApplicationWithBeforeAfterMethod.java:35)
at basictestng.GoogleApplicationWithBeforeAfterMethod.cleanUp(GoogleApplicationWithBeforeAfterMethod.java:35)
at basictestng.GoogleApplicationWithBeforeAfterMethod.cleanUp(GoogleApplicationWithBeforeAfterMethod.java:35)
at basictestng.GoogleApplicationWithBeforeAfterMethod.cleanUp(GoogleApplicationWithBeforeAfterMethod.java:35)
at basictestng.GoogleApplicationWithBeforeAfterMethod.cleanUp(GoogleApplicationWithBeforeAfterMethod.java:35)
at basictestng.GoogleApplicationWithBeforeAfterMethod.cleanUp(GoogleApplicationWithBeforeAfterMethod.java:35)
at basictestng.GoogleApplicationWithBeforeAfterMethod.cleanUp(GoogleApplicationWithBeforeAfterMethod.java:35)
at basictestng.GoogleApplicationWithBeforeAfterMethod.cleanUp(GoogleApplicationWithBeforeAfterMethod.java:35)
at basictestng.GoogleApplicationWithBeforeAfterMethod.cleanUp(GoogleApplicationWithBeforeAfterMethod.java:35)
at basictestng.GoogleApplicationWithBeforeAfterMethod.cleanUp(GoogleApplicationWithBeforeAfterMethod.java:35)
at basictestng.GoogleApplicationWithBeforeAfterMethod.cleanUp(GoogleApplicationWithBeforeAfterMethod.java:35)
at basictestng.GoogleApplicationWithBeforeAfterMethod.cleanUp(GoogleApplicationWithBeforeAfterMethod.java:35)
at basictestng.GoogleApplicationWithBeforeAfterMethod.cleanUp(GoogleApplicationWithBeforeAfterMethod.java:35)
at basictestng.GoogleApplicationWithBeforeAfterMethod.cleanUp(GoogleApplicationWithBeforeAfterMethod.java:35)
at basictestng.GoogleApplicationWithBeforeAfterMethod.cleanUp(GoogleApplicationWithBeforeAfterMethod.java:35)
at basictestng.GoogleApplicationWithBeforeAfterMethod.cleanUp(GoogleApplicationWithBeforeAfterMethod.java:35)
at basictestng.GoogleApplicationWithBeforeAfterMethod.cleanUp(GoogleApplicationWithBeforeAfterMethod.java:35)
at basictestng.GoogleApplicationWithBeforeAfterMethod.cleanUp(GoogleApplicationWithBeforeAfterMethod.java:35)
at basictestng.GoogleApplicationWithBeforeAfterMethod.cleanUp(GoogleApplicationWithBeforeAfterMethod.java:35)
at basictestng.GoogleApplicationWithBeforeAfterMethod.cleanUp(GoogleApplicationWithBeforeAfterMethod.java:35)
at basictestng.GoogleApplicationWithBeforeAfterMethod.cleanUp(GoogleApplicationWithBeforeAfterMethod.java:35)
at basictestng.GoogleApplicationWithBeforeAfterMethod.cleanUp(GoogleApplicationWithBeforeAfterMethod.java:35)
at basictestng.GoogleApplicationWithBeforeAfterMethod.cleanUp(GoogleApplicationWithBeforeAfterMethod.java:35)
at basictestng.GoogleApplicationWithBeforeAfterMethod.cleanUp(GoogleApplicationWithBeforeAfterMethod.java:35)
at basictestng.GoogleApplicationWithBeforeAfterMethod.cleanUp(GoogleApplicationWithBeforeAfterMethod.java:35)
at basictestng.GoogleApplicationWithBeforeAfterMethod.cleanUp(GoogleApplicationWithBeforeAfterMethod.java:35)
at basictestng.GoogleApplicationWithBeforeAfterMethod.cleanUp(GoogleApplicationWithBeforeAfterMethod.java:35)
at basictestng.GoogleApplicationWithBeforeAfterMethod.cleanUp(GoogleApplicationWithBeforeAfterMethod.java:35)
at basictestng.GoogleApplicationWithBeforeAfterMethod.cleanUp(GoogleApplicationWithBeforeAfterMethod.java:35)
at basictestng.GoogleApplicationWithBeforeAfterMethod.cleanUp(GoogleApplicationWithBeforeAfterMethod.java:35)
at basictestng.GoogleApplicationWithBeforeAfterMethod.cleanUp(GoogleApplicationWithBeforeAfterMethod.java:35)
at basictestng.GoogleApplicationWithBeforeAfterMethod.cleanUp(GoogleApplicationWithBeforeAfterMethod.java:35)
at basictestng.GoogleApplicationWithBeforeAfterMethod.cleanUp(GoogleApplicationWithBeforeAfterMethod.java:35)
at basictestng.GoogleApplicationWithBeforeAfterMethod.cleanUp(GoogleApplicationWithBeforeAfterMethod.java:35)
at basictestng.GoogleApplicationWithBeforeAfterMethod.cleanUp(GoogleApplicationWithBeforeAfterMethod.java:35)
at basictestng.GoogleApplicationWithBeforeAfterMethod.cleanUp(GoogleApplicationWithBeforeAfterMethod.java:35)
at basictestng.GoogleApplicationWithBeforeAfterMethod.cleanUp(GoogleApplicationWithBeforeAfterMethod.java:35)
at basictestng.GoogleApplicationWithBeforeAfterMethod.cleanUp(GoogleApplicationWithBeforeAfterMethod.java:35)
at basictestng.GoogleApplicationWithBeforeAfterMethod.cleanUp(GoogleApplicationWithBeforeAfterMethod.java:35)
at basictestng.GoogleApplicationWithBeforeAfterMethod.cleanUp(GoogleApplicationWithBeforeAfterMethod.java:35)
at basictestng.GoogleApplicationWithBeforeAfterMethod.cleanUp(GoogleApplicationWithBeforeAfterMethod.java:35)
at basictestng.GoogleApplicationWithBeforeAfterMethod.cleanUp(GoogleApplicationWithBeforeAfterMethod.java:35)
at basictestng.GoogleApplicationWithBeforeAfterMethod.cleanUp(GoogleApplicationWithBeforeAfterMethod.java:35)
at basictestng.GoogleApplicationWithBeforeAfterMethod.cleanUp(GoogleApplicationWithBeforeAfterMethod.java:35)
at basictestng.GoogleApplicationWithBeforeAfterMethod.cleanUp(GoogleApplicationWithBeforeAfterMethod.java:35)
at basictestng.GoogleApplicationWithBeforeAfterMethod.cleanUp(GoogleApplicationWithBeforeAfterMethod.java:35)
at basictestng.GoogleApplicationWithBeforeAfterMethod.cleanUp(GoogleApplicationWithBeforeAfterMethod.java:35)
at basictestng.GoogleApplicationWithBeforeAfterMethod.cleanUp(GoogleApplicationWithBeforeAfterMethod.java:35)
at basictestng.GoogleApplicationWithBeforeAfterMethod.cleanUp(GoogleApplicationWithBeforeAfterMethod.java:35)
at basictestng.GoogleApplicationWithBeforeAfterMethod.cleanUp(GoogleApplicationWithBeforeAfterMethod.java:35)
at basictestng.GoogleApplicationWithBeforeAfterMethod.cleanUp(GoogleApplicationWithBeforeAfterMethod.java:35)
at basictestng.GoogleApplicationWithBeforeAfterMethod.cleanUp(GoogleApplicationWithBeforeAfterMethod.java:35)
at basictestng.GoogleApplicationWithBeforeAfterMethod.cleanUp(GoogleApplicationWithBeforeAfterMethod.java:35)
at basictestng.GoogleApplicationWithBeforeAfterMethod.cleanUp(GoogleApplicationWithBeforeAfterMethod.java:35)
at basictestng.GoogleApplicationWithBeforeAfterMethod.cleanUp(GoogleApplicationWithBeforeAfterMethod.java:35)
at basictestng.GoogleApplicationWithBeforeAfterMethod.cleanUp(GoogleApplicationWithBeforeAfterMethod.java:35)
at basictestng.GoogleApplicationWithBeforeAfterMethod.cleanUp(GoogleApplicationWithBeforeAfterMethod.java:35)
at basictestng.GoogleApplicationWithBeforeAfterMethod.cleanUp(GoogleApplicationWithBeforeAfterMethod.java:35)
at basictestng.GoogleApplicationWithBeforeAfterMethod.cleanUp(GoogleApplicationWithBeforeAfterMethod.java:35)
at basictestng.GoogleApplicationWithBeforeAfterMethod.cleanUp(GoogleApplicationWithBeforeAfterMethod.java:35)
at basictestng.GoogleApplicationWithBeforeAfterMethod.cleanUp(GoogleApplicationWithBeforeAfterMethod.java:35)
at basictestng.GoogleApplicationWithBeforeAfterMethod.cleanUp(GoogleApplicationWithBeforeAfterMethod.java:35)
at basictestng.GoogleApplicationWithBeforeAfterMethod.cleanUp(GoogleApplicationWithBeforeAfterMethod.java:35)
at basictestng.GoogleApplicationWithBeforeAfterMethod.cleanUp(GoogleApplicationWithBeforeAfterMethod.java:35)
at basictestng.GoogleApplicationWithBeforeAfterMethod.cleanUp(GoogleApplicationWithBeforeAfterMethod.java:35)
at basictestng.GoogleApplicationWithBeforeAfterMethod.cleanUp(GoogleApplicationWithBeforeAfterMethod.java:35)
at basictestng.GoogleApplicationWithBeforeAfterMethod.cleanUp(GoogleApplicationWithBeforeAfterMethod.java:35)
at basictestng.GoogleApplicationWithBeforeAfterMethod.cleanUp(GoogleApplicationWithBeforeAfterMethod.java:35)
at basictestng.GoogleApplicationWithBeforeAfterMethod.cleanUp(GoogleApplicationWithBeforeAfterMethod.java:35)
at basictestng.GoogleApplicationWithBeforeAfterMethod.cleanUp(GoogleApplicationWithBeforeAfterMethod.java:35)
at basictestng.GoogleApplicationWithBeforeAfterMethod.cleanUp(GoogleApplicationWithBeforeAfterMethod.java:35)
at basictestng.GoogleApplicationWithBeforeAfterMethod.cleanUp(GoogleApplicationWithBeforeAfterMethod.java:35)
at basictestng.GoogleApplicationWithBeforeAfterMethod.cleanUp(GoogleApplicationWithBeforeAfterMethod.java:35)
at basictestng.GoogleApplicationWithBeforeAfterMethod.cleanUp(GoogleApplicationWithBeforeAfterMethod.java:35)
at basictestng.GoogleApplicationWithBeforeAfterMethod.cleanUp(GoogleApplicationWithBeforeAfterMethod.java:35)
at basictestng.GoogleApplicationWithBeforeAfterMethod.cleanUp(GoogleApplicationWithBeforeAfterMethod.java:35)
at basictestng.GoogleApplicationWithBeforeAfterMethod.cleanUp(GoogleApplicationWithBeforeAfterMethod.java:35)
at basictestng.GoogleApplicationWithBeforeAfterMethod.cleanUp(GoogleApplicationWithBeforeAfterMethod.java:35)
at basictestng.GoogleApplicationWithBeforeAfterMethod.cleanUp(GoogleApplicationWithBeforeAfterMethod.java:35)
at basictestng.GoogleApplicationWithBeforeAfterMethod.cleanUp(GoogleApplicationWithBeforeAfterMethod.java:35)
at basictestng.GoogleApplicationWithBeforeAfterMethod.cleanUp(GoogleApplicationWithBeforeAfterMethod.java:35)
at basictestng.GoogleApplicationWithBeforeAfterMethod.cleanUp(GoogleApplicationWithBeforeAfterMethod.java:35)
at basictestng.GoogleApplicationWithBeforeAfterMethod.cleanUp(GoogleApplicationWithBeforeAfterMethod.java:35)
at basictestng.GoogleApplicationWithBeforeAfterMethod.cleanUp(GoogleApplicationWithBeforeAfterMethod.java:35)
at basictestng.GoogleApplicationWithBeforeAfterMethod.cleanUp(GoogleApplicationWithBeforeAfterMethod.java:35)
at basictestng.GoogleApplicationWithBeforeAfterMethod.cleanUp(GoogleApplicationWithBeforeAfterMethod.java:35)
at basictestng.GoogleApplicationWithBeforeAfterMethod.cleanUp(GoogleApplicationWithBeforeAfterMethod.java:35)
at basictestng.GoogleApplicationWithBeforeAfterMethod.cleanUp(GoogleApplicationWithBeforeAfterMethod.java:35)
at basictestng.GoogleApplicationWithBeforeAfterMethod.cleanUp(GoogleApplicationWithBeforeAfterMethod.java:35)
at basictestng.GoogleApplicationWithBeforeAfterMethod.cleanUp(GoogleApplicationWithBeforeAfterMethod.java:35)
at basictestng.GoogleApplicationWithBeforeAfterMethod.cleanUp(GoogleApplicationWithBeforeAfterMethod.java:35)
at basictestng.GoogleApplicationWithBeforeAfterMethod.cleanUp(GoogleApplicationWithBeforeAfterMethod.java:35)
at basictestng.GoogleApplicationWithBeforeAfterMethod.cleanUp(GoogleApplicationWithBeforeAfterMethod.java:35)
at basictestng.GoogleApplicationWithBeforeAfterMethod.cleanUp(GoogleApplicationWithBeforeAfterMethod.java:35)
at basictestng.GoogleApplicationWithBeforeAfterMethod.cleanUp(GoogleApplicationWithBeforeAfterMethod.java:35)
at basictestng.GoogleApplicationWithBeforeAfterMethod.cleanUp(GoogleApplicationWithBeforeAfterMethod.java:35)
at basictestng.GoogleApplicationWithBeforeAfterMethod.cleanUp(GoogleApplicationWithBeforeAfterMethod.java:35)
at basictestng.GoogleApplicationWithBeforeAfterMethod.cleanUp(GoogleApplicationWithBeforeAfterMethod.java:35)
at basictestng.GoogleApplicationWithBeforeAfterMethod.cleanUp(GoogleApplicationWithBeforeAfterMethod.java:35)
at basictestng.GoogleApplicationWithBeforeAfterMethod.cleanUp(GoogleApplicationWithBeforeAfterMethod.java:35)
at basictestng.GoogleApplicationWithBeforeAfterMethod.cleanUp(GoogleApplicationWithBeforeAfterMethod.java:35)
at basictestng.GoogleApplicationWithBeforeAfterMethod.cleanUp(GoogleApplicationWithBeforeAfterMethod.java:35)
at basictestng.GoogleApplicationWithBeforeAfterMethod.cleanUp(GoogleApplicationWithBeforeAfterMethod.java:35)
at basictestng.GoogleApplicationWithBeforeAfterMethod.cleanUp(GoogleApplicationWithBeforeAfterMethod.java:35)
at basictestng.GoogleApplicationWithBeforeAfterMethod.cleanUp(GoogleApplicationWithBeforeAfterMethod.java:35)
at basictestng.GoogleApplicationWithBeforeAfterMethod.cleanUp(GoogleApplicationWithBeforeAfterMethod.java:35)
at basictestng.GoogleApplicationWithBeforeAfterMethod.cleanUp(GoogleApplicationWithBeforeAfterMethod.java:35)
at basictestng.GoogleApplicationWithBeforeAfterMethod.cleanUp(GoogleApplicationWithBeforeAfterMethod.java:35)
at basictestng.GoogleApplicationWithBeforeAfterMethod.cleanUp(GoogleApplicationWithBeforeAfterMethod.java:35)
at basictestng.GoogleApplicationWithBeforeAfterMethod.cleanUp(GoogleApplicationWithBeforeAfterMethod.java:35)
at basictestng.GoogleApplicationWithBeforeAfterMethod.cleanUp(GoogleApplicationWithBeforeAfterMethod.java:35)
at basictestng.GoogleApplicationWithBeforeAfterMethod.cleanUp(GoogleApplicationWithBeforeAfterMethod.java:35)
at basictestng.GoogleApplicationWithBeforeAfterMethod.cleanUp(GoogleApplicationWithBeforeAfterMethod.java:35)
at basictestng.GoogleApplicationWithBeforeAfterMethod.cleanUp(GoogleApplicationWithBeforeAfterMethod.java:35)
at basictestng.GoogleApplicationWithBeforeAfterMethod.cleanUp(GoogleApplicationWithBeforeAfterMethod.java:35)
at basictestng.GoogleApplicationWithBeforeAfterMethod.cleanUp(GoogleApplicationWithBeforeAfterMethod.java:35)
at basictestng.GoogleApplicationWithBeforeAfterMethod.cleanUp(GoogleApplicationWithBeforeAfterMethod.java:35)
at basictestng.GoogleApplicationWithBeforeAfterMethod.cleanUp(GoogleApplicationWithBeforeAfterMethod.java:35)
at basictestng.GoogleApplicationWithBeforeAfterMethod.cleanUp(GoogleApplicationWithBeforeAfterMethod.java:35)
at basictestng.GoogleApplicationWithBeforeAfterMethod.cleanUp(GoogleApplicationWithBeforeAfterMethod.java:35)
at basictestng.GoogleApplicationWithBeforeAfterMethod.cleanUp(GoogleApplicationWithBeforeAfterMethod.java:35)
at basictestng.GoogleApplicationWithBeforeAfterMethod.cleanUp(GoogleApplicationWithBeforeAfterMethod.java:35)
at basictestng.GoogleApplicationWithBeforeAfterMethod.cleanUp(GoogleApplicationWithBeforeAfterMethod.java:35)
at basictestng.GoogleApplicationWithBeforeAfterMethod.cleanUp(GoogleApplicationWithBeforeAfterMethod.java:35)
at basictestng.GoogleApplicationWithBeforeAfterMethod.cleanUp(GoogleApplicationWithBeforeAfterMethod.java:35)
at basictestng.GoogleApplicationWithBeforeAfterMethod.cleanUp(GoogleApplicationWithBeforeAfterMethod.java:35)
at basictestng.GoogleApplicationWithBeforeAfterMethod.cleanUp(GoogleApplicationWithBeforeAfterMethod.java:35)
at basictestng.GoogleApplicationWithBeforeAfterMethod.cleanUp(GoogleApplicationWithBeforeAfterMethod.java:35)
at basictestng.GoogleApplicationWithBeforeAfterMethod.cleanUp(GoogleApplicationWithBeforeAfterMethod.java:35)
at basictestng.GoogleApplicationWithBeforeAfterMethod.cleanUp(GoogleApplicationWithBeforeAfterMethod.java:35)
at basictestng.GoogleApplicationWithBeforeAfterMethod.cleanUp(GoogleApplicationWithBeforeAfterMethod.java:35)
at basictestng.GoogleApplicationWithBeforeAfterMethod.cleanUp(GoogleApplicationWithBeforeAfterMethod.java:35)
at basictestng.GoogleApplicationWithBeforeAfterMethod.cleanUp(GoogleApplicationWithBeforeAfterMethod.java:35)
at basictestng.GoogleApplicationWithBeforeAfterMethod.cleanUp(GoogleApplicationWithBeforeAfterMethod.java:35)
at basictestng.GoogleApplicationWithBeforeAfterMethod.cleanUp(GoogleApplicationWithBeforeAfterMethod.java:35)
at basictestng.GoogleApplicationWithBeforeAfterMethod.cleanUp(GoogleApplicationWithBeforeAfterMethod.java:35)
at basictestng.GoogleApplicationWithBeforeAfterMethod.cleanUp(GoogleApplicationWithBeforeAfterMethod.java:35)
at basictestng.GoogleApplicationWithBeforeAfterMethod.cleanUp(GoogleApplicationWithBeforeAfterMethod.java:35)
at basictestng.GoogleApplicationWithBeforeAfterMethod.cleanUp(GoogleApplicationWithBeforeAfterMethod.java:35)
at basictestng.GoogleApplicationWithBeforeAfterMethod.cleanUp(GoogleApplicationWithBeforeAfterMethod.java:35)
at basictestng.GoogleApplicationWithBeforeAfterMethod.cleanUp(GoogleApplicationWithBeforeAfterMethod.java:35)
at basictestng.GoogleApplicationWithBeforeAfterMethod.cleanUp(GoogleApplicationWithBeforeAfterMethod.java:35)
at basictestng.GoogleApplicationWithBeforeAfterMethod.cleanUp(GoogleApplicationWithBeforeAfterMethod.java:35)
at basictestng.GoogleApplicationWithBeforeAfterMethod.cleanUp(GoogleApplicationWithBeforeAfterMethod.java:35)
at basictestng.GoogleApplicationWithBeforeAfterMethod.cleanUp(GoogleApplicationWithBeforeAfterMethod.java:35)
at basictestng.GoogleApplicationWithBeforeAfterMethod.cleanUp(GoogleApplicationWithBeforeAfterMethod.java:35)
at basictestng.GoogleApplicationWithBeforeAfterMethod.cleanUp(GoogleApplicationWithBeforeAfterMethod.java:35)
at basictestng.GoogleApplicationWithBeforeAfterMethod.cleanUp(GoogleApplicationWithBeforeAfterMethod.java:35)
at basictestng.GoogleApplicationWithBeforeAfterMethod.cleanUp(GoogleApplicationWithBeforeAfterMethod.java:35)
at basictestng.GoogleApplicationWithBeforeAfterMethod.cleanUp(GoogleApplicationWithBeforeAfterMethod.java:35)
at basictestng.GoogleApplicationWithBeforeAfterMethod.cleanUp(GoogleApplicationWithBeforeAfterMethod.java:35)
at basictestng.GoogleApplicationWithBeforeAfterMethod.cleanUp(GoogleApplicationWithBeforeAfterMethod.java:35)
at basictestng.GoogleApplicationWithBeforeAfterMethod.cleanUp(GoogleApplicationWithBeforeAfterMethod.java:35)
at basictestng.GoogleApplicationWithBeforeAfterMethod.cleanUp(GoogleApplicationWithBeforeAfterMethod.java:35)
at basictestng.GoogleApplicationWithBeforeAfterMethod.cleanUp(GoogleApplicationWithBeforeAfterMethod.java:35)
at basictestng.GoogleApplicationWithBeforeAfterMethod.cleanUp(GoogleApplicationWithBeforeAfterMethod.java:35)
at basictestng.GoogleApplicationWithBeforeAfterMethod.cleanUp(GoogleApplicationWithBeforeAfterMethod.java:35)
at basictestng.GoogleApplicationWithBeforeAfterMethod.cleanUp(GoogleApplicationWithBeforeAfterMethod.java:35)
at basictestng.GoogleApplicationWithBeforeAfterMethod.cleanUp(GoogleApplicationWithBeforeAfterMethod.java:35)
at basictestng.GoogleApplicationWithBeforeAfterMethod.cleanUp(GoogleApplicationWithBeforeAfterMethod.java:35)
at basictestng.GoogleApplicationWithBeforeAfterMethod.cleanUp(GoogleApplicationWithBeforeAfterMethod.java:35)
at basictestng.GoogleApplicationWithBeforeAfterMethod.cleanUp(GoogleApplicationWithBeforeAfterMethod.java:35)
at basictestng.GoogleApplicationWithBeforeAfterMethod.cleanUp(GoogleApplicationWithBeforeAfterMethod.java:35)
at basictestng.GoogleApplicationWithBeforeAfterMethod.cleanUp(GoogleApplicationWithBeforeAfterMethod.java:35)
at basictestng.GoogleApplicationWithBeforeAfterMethod.cleanUp(GoogleApplicationWithBeforeAfterMethod.java:35)
at basictestng.GoogleApplicationWithBeforeAfterMethod.cleanUp(GoogleApplicationWithBeforeAfterMethod.java:35)
at basictestng.GoogleApplicationWithBeforeAfterMethod.cleanUp(GoogleApplicationWithBeforeAfterMethod.java:35)
at basictestng.GoogleApplicationWithBeforeAfterMethod.cleanUp(GoogleApplicationWithBeforeAfterMethod.java:35)
at basictestng.GoogleApplicationWithBeforeAfterMethod.cleanUp(GoogleApplicationWithBeforeAfterMethod.java:35)
at basictestng.GoogleApplicationWithBeforeAfterMethod.cleanUp(GoogleApplicationWithBeforeAfterMethod.java:35)
at basictestng.GoogleApplicationWithBeforeAfterMethod.cleanUp(GoogleApplicationWithBeforeAfterMethod.java:35)
at basictestng.GoogleApplicationWithBeforeAfterMethod.cleanUp(GoogleApplicationWithBeforeAfterMethod.java:35)
at basictestng.GoogleApplicationWithBeforeAfterMethod.cleanUp(GoogleApplicationWithBeforeAfterMethod.java:35)
at basictestng.GoogleApplicationWithBeforeAfterMethod.cleanUp(GoogleApplicationWithBeforeAfterMethod.java:35)
at basictestng.GoogleApplicationWithBeforeAfterMethod.cleanUp(GoogleApplicationWithBeforeAfterMethod.java:35)
at basictestng.GoogleApplicationWithBeforeAfterMethod.cleanUp(GoogleApplicationWithBeforeAfterMethod.java:35)
at basictestng.GoogleApplicationWithBeforeAfterMethod.cleanUp(GoogleApplicationWithBeforeAfterMethod.java:35)
at basictestng.GoogleApplicationWithBeforeAfterMethod.cleanUp(GoogleApplicationWithBeforeAfterMethod.java:35)
at basictestng.GoogleApplicationWithBeforeAfterMethod.cleanUp(GoogleApplicationWithBeforeAfterMethod.java:35)
at basictestng.GoogleApplicationWithBeforeAfterMethod.cleanUp(GoogleApplicationWithBeforeAfterMethod.java:35)
at basictestng.GoogleApplicationWithBeforeAfterMethod.cleanUp(GoogleApplicationWithBeforeAfterMethod.java:35)
at basictestng.GoogleApplicationWithBeforeAfterMethod.cleanUp(GoogleApplicationWithBeforeAfterMethod.java:35)
at basictestng.GoogleApplicationWithBeforeAfterMethod.cleanUp(GoogleApplicationWithBeforeAfterMethod.java:35)
at basictestng.GoogleApplicationWithBeforeAfterMethod.cleanUp(GoogleApplicationWithBeforeAfterMethod.java:35)
at basictestng.GoogleApplicationWithBeforeAfterMethod.cleanUp(GoogleApplicationWithBeforeAfterMethod.java:35)
at basictestng.GoogleApplicationWithBeforeAfterMethod.cleanUp(GoogleApplicationWithBeforeAfterMethod.java:35)
at basictestng.GoogleApplicationWithBeforeAfterMethod.cleanUp(GoogleApplicationWithBeforeAfterMethod.java:35)
at basictestng.GoogleApplicationWithBeforeAfterMethod.cleanUp(GoogleApplicationWithBeforeAfterMethod.java:35)
at basictestng.GoogleApplicationWithBeforeAfterMethod.cleanUp(GoogleApplicationWithBeforeAfterMethod.java:35)
at basictestng.GoogleApplicationWithBeforeAfterMethod.cleanUp(GoogleApplicationWithBeforeAfterMethod.java:35)
at basictestng.GoogleApplicationWithBeforeAfterMethod.cleanUp(GoogleApplicationWithBeforeAfterMethod.java:35)
at basictestng.GoogleApplicationWithBeforeAfterMethod.cleanUp(GoogleApplicationWithBeforeAfterMethod.java:35)
at basictestng.GoogleApplicationWithBeforeAfterMethod.cleanUp(GoogleApplicationWithBeforeAfterMethod.java:35)
at basictestng.GoogleApplicationWithBeforeAfterMethod.cleanUp(GoogleApplicationWithBeforeAfterMethod.java:35)
at basictestng.GoogleApplicationWithBeforeAfterMethod.cleanUp(GoogleApplicationWithBeforeAfterMethod.java:35)
at basictestng.GoogleApplicationWithBeforeAfterMethod.cleanUp(GoogleApplicationWithBeforeAfterMethod.java:35)
at basictestng.GoogleApplicationWithBeforeAfterMethod.cleanUp(GoogleApplicationWithBeforeAfterMethod.java:35)
at basictestng.GoogleApplicationWithBeforeAfterMethod.cleanUp(GoogleApplicationWithBeforeAfterMethod.java:35)
at basictestng.GoogleApplicationWithBeforeAfterMethod.cleanUp(GoogleApplicationWithBeforeAfterMethod.java:35)
at basictestng.GoogleApplicationWithBeforeAfterMethod.cleanUp(GoogleApplicationWithBeforeAfterMethod.java:35)
at basictestng.GoogleApplicationWithBeforeAfterMethod.cleanUp(GoogleApplicationWithBeforeAfterMethod.java:35)
at basictestng.GoogleApplicationWithBeforeAfterMethod.cleanUp(GoogleApplicationWithBeforeAfterMethod.java:35)
at basictestng.GoogleApplicationWithBeforeAfterMethod.cleanUp(GoogleApplicationWithBeforeAfterMethod.java:35)
at basictestng.GoogleApplicationWithBeforeAfterMethod.cleanUp(GoogleApplicationWithBeforeAfterMethod.java:35)
at basictestng.GoogleApplicationWithBeforeAfterMethod.cleanUp(GoogleApplicationWithBeforeAfterMethod.java:35)
at basictestng.GoogleApplicationWithBeforeAfterMethod.cleanUp(GoogleApplicationWithBeforeAfterMethod.java:35)
at basictestng.GoogleApplicationWithBeforeAfterMethod.cleanUp(GoogleApplicationWithBeforeAfterMethod.java:35)
at basictestng.GoogleApplicationWithBeforeAfterMethod.cleanUp(GoogleApplicationWithBeforeAfterMethod.java:35)
at basictestng.GoogleApplicationWithBeforeAfterMethod.cleanUp(GoogleApplicationWithBeforeAfterMethod.java:35)
at basictestng.GoogleApplicationWithBeforeAfterMethod.cleanUp(GoogleApplicationWithBeforeAfterMethod.java:35)
at basictestng.GoogleApplicationWithBeforeAfterMethod.cleanUp(GoogleApplicationWithBeforeAfterMethod.java:35)
at basictestng.GoogleApplicationWithBeforeAfterMethod.cleanUp(GoogleApplicationWithBeforeAfterMethod.java:35)
at basictestng.GoogleApplicationWithBeforeAfterMethod.cleanUp(GoogleApplicationWithBeforeAfterMethod.java:35)
at basictestng.GoogleApplicationWithBeforeAfterMethod.cleanUp(GoogleApplicationWithBeforeAfterMethod.java:35)
at basictestng.GoogleApplicationWithBeforeAfterMethod.cleanUp(GoogleApplicationWithBeforeAfterMethod.java:35)
at basictestng.GoogleApplicationWithBeforeAfterMethod.cleanUp(GoogleApplicationWithBeforeAfterMethod.java:35)
at basictestng.GoogleApplicationWithBeforeAfterMethod.cleanUp(GoogleApplicationWithBeforeAfterMethod.java:35)
at basictestng.GoogleApplicationWithBeforeAfterMethod.cleanUp(GoogleApplicationWithBeforeAfterMethod.java:35)
at basictestng.GoogleApplicationWithBeforeAfterMethod.cleanUp(GoogleApplicationWithBeforeAfterMethod.java:35)
at basictestng.GoogleApplicationWithBeforeAfterMethod.cleanUp(GoogleApplicationWithBeforeAfterMethod.java:35)
at basictestng.GoogleApplicationWithBeforeAfterMethod.cleanUp(GoogleApplicationWithBeforeAfterMethod.java:35)
at basictestng.GoogleApplicationWithBeforeAfterMethod.cleanUp(GoogleApplicationWithBeforeAfterMethod.java:35)
at basictestng.GoogleApplicationWithBeforeAfterMethod.cleanUp(GoogleApplicationWithBeforeAfterMethod.java:35)
at basictestng.GoogleApplicationWithBeforeAfterMethod.cleanUp(GoogleApplicationWithBeforeAfterMethod.java:35)
at basictestng.GoogleApplicationWithBeforeAfterMethod.cleanUp(GoogleApplicationWithBeforeAfterMethod.java:35)
at basictestng.GoogleApplicationWithBeforeAfterMethod.cleanUp(GoogleApplicationWithBeforeAfterMethod.java:35)
at basictestng.GoogleApplicationWithBeforeAfterMethod.cleanUp(GoogleApplicationWithBeforeAfterMethod.java:35)
at basictestng.GoogleApplicationWithBeforeAfterMethod.cleanUp(GoogleApplicationWithBeforeAfterMethod.java:35)
at basictestng.GoogleApplicationWithBeforeAfterMethod.cleanUp(GoogleApplicationWithBeforeAfterMethod.java:35)
at basictestng.GoogleApplicationWithBeforeAfterMethod.cleanUp(GoogleApplicationWithBeforeAfterMethod.java:35)
at basictestng.GoogleApplicationWithBeforeAfterMethod.cleanUp(GoogleApplicationWithBeforeAfterMethod.java:35)
at basictestng.GoogleApplicationWithBeforeAfterMethod.cleanUp(GoogleApplicationWithBeforeAfterMethod.java:35)
at basictestng.GoogleApplicationWithBeforeAfterMethod.cleanUp(GoogleApplicationWithBeforeAfterMethod.java:35)
at basictestng.GoogleApplicationWithBeforeAfterMethod.cleanUp(GoogleApplicationWithBeforeAfterMethod.java:35)
at basictestng.GoogleApplicationWithBeforeAfterMethod.cleanUp(GoogleApplicationWithBeforeAfterMethod.java:35)
at basictestng.GoogleApplicationWithBeforeAfterMethod.cleanUp(GoogleApplicationWithBeforeAfterMethod.java:35)
at basictestng.GoogleApplicationWithBeforeAfterMethod.cleanUp(GoogleApplicationWithBeforeAfterMethod.java:35)
at basictestng.GoogleApplicationWithBeforeAfterMethod.cleanUp(GoogleApplicationWithBeforeAfterMethod.java:35)
at basictestng.GoogleApplicationWithBeforeAfterMethod.cleanUp(GoogleApplicationWithBeforeAfterMethod.java:35)
at basictestng.GoogleApplicationWithBeforeAfterMethod.cleanUp(GoogleApplicationWithBeforeAfterMethod.java:35)
at basictestng.GoogleApplicationWithBeforeAfterMethod.cleanUp(GoogleApplicationWithBeforeAfterMethod.java:35)
at basictestng.GoogleApplicationWithBeforeAfterMethod.cleanUp(GoogleApplicationWithBeforeAfterMethod.java:35)
at basictestng.GoogleApplicationWithBeforeAfterMethod.cleanUp(GoogleApplicationWithBeforeAfterMethod.java:35)
at basictestng.GoogleApplicationWithBeforeAfterMethod.cleanUp(GoogleApplicationWithBeforeAfterMethod.java:35)
at basictestng.GoogleApplicationWithBeforeAfterMethod.cleanUp(GoogleApplicationWithBeforeAfterMethod.java:35)
at basictestng.GoogleApplicationWithBeforeAfterMethod.cleanUp(GoogleApplicationWithBeforeAfterMethod.java:35)
at basictestng.GoogleApplicationWithBeforeAfterMethod.cleanUp(GoogleApplicationWithBeforeAfterMethod.java:35)
at basictestng.GoogleApplicationWithBeforeAfterMethod.cleanUp(GoogleApplicationWithBeforeAfterMethod.java:35)
at basictestng.GoogleApplicationWithBeforeAfterMethod.cleanUp(GoogleApplicationWithBeforeAfterMethod.java:35)
at basictestng.GoogleApplicationWithBeforeAfterMethod.cleanUp(GoogleApplicationWithBeforeAfterMethod.java:35)
at basictestng.GoogleApplicationWithBeforeAfterMethod.cleanUp(GoogleApplicationWithBeforeAfterMethod.java:35)
at basictestng.GoogleApplicationWithBeforeAfterMethod.cleanUp(GoogleApplicationWithBeforeAfterMethod.java:35)
at basictestng.GoogleApplicationWithBeforeAfterMethod.cleanUp(GoogleApplicationWithBeforeAfterMethod.java:35)
at basictestng.GoogleApplicationWithBeforeAfterMethod.cleanUp(GoogleApplicationWithBeforeAfterMethod.java:35)
at basictestng.GoogleApplicationWithBeforeAfterMethod.cleanUp(GoogleApplicationWithBeforeAfterMethod.java:35)
at basictestng.GoogleApplicationWithBeforeAfterMethod.cleanUp(GoogleApplicationWithBeforeAfterMethod.java:35)
at basictestng.GoogleApplicationWithBeforeAfterMethod.cleanUp(GoogleApplicationWithBeforeAfterMethod.java:35)
at basictestng.GoogleApplicationWithBeforeAfterMethod.cleanUp(GoogleApplicationWithBeforeAfterMethod.java:35)
at basictestng.GoogleApplicationWithBeforeAfterMethod.cleanUp(GoogleApplicationWithBeforeAfterMethod.java:35)
at basictestng.GoogleApplicationWithBeforeAfterMethod.cleanUp(GoogleApplicationWithBeforeAfterMethod.java:35)
at basictestng.GoogleApplicationWithBeforeAfterMethod.cleanUp(GoogleApplicationWithBeforeAfterMethod.java:35)
at basictestng.GoogleApplicationWithBeforeAfterMethod.cleanUp(GoogleApplicationWithBeforeAfterMethod.java:35)
at basictestng.GoogleApplicationWithBeforeAfterMethod.cleanUp(GoogleApplicationWithBeforeAfterMethod.java:35)
at basictestng.GoogleApplicationWithBeforeAfterMethod.cleanUp(GoogleApplicationWithBeforeAfterMethod.java:35)
at basictestng.GoogleApplicationWithBeforeAfterMethod.cleanUp(GoogleApplicationWithBeforeAfterMethod.java:35)
at basictestng.GoogleApplicationWithBeforeAfterMethod.cleanUp(GoogleApplicationWithBeforeAfterMethod.java:35)
at basictestng.GoogleApplicationWithBeforeAfterMethod.cleanUp(GoogleApplicationWithBeforeAfterMethod.java:35)
at basictestng.GoogleApplicationWithBeforeAfterMethod.cleanUp(GoogleApplicationWithBeforeAfterMethod.java:35)
at basictestng.GoogleApplicationWithBeforeAfterMethod.cleanUp(GoogleApplicationWithBeforeAfterMethod.java:35)
at basictestng.GoogleApplicationWithBeforeAfterMethod.cleanUp(GoogleApplicationWithBeforeAfterMethod.java:35)
at basictestng.GoogleApplicationWithBeforeAfterMethod.cleanUp(GoogleApplicationWithBeforeAfterMethod.java:35)
at basictestng.GoogleApplicationWithBeforeAfterMethod.cleanUp(GoogleApplicationWithBeforeAfterMethod.java:35)
at basictestng.GoogleApplicationWithBeforeAfterMethod.cleanUp(GoogleApplicationWithBeforeAfterMethod.java:35)
at basictestng.GoogleApplicationWithBeforeAfterMethod.cleanUp(GoogleApplicationWithBeforeAfterMethod.java:35)
at basictestng.GoogleApplicationWithBeforeAfterMethod.cleanUp(GoogleApplicationWithBeforeAfterMethod.java:35)
at basictestng.GoogleApplicationWithBeforeAfterMethod.cleanUp(GoogleApplicationWithBeforeAfterMethod.java:35)
at basictestng.GoogleApplicationWithBeforeAfterMethod.cleanUp(GoogleApplicationWithBeforeAfterMethod.java:35)
at basictestng.GoogleApplicationWithBeforeAfterMethod.cleanUp(GoogleApplicationWithBeforeAfterMethod.java:35)
at basictestng.GoogleApplicationWithBeforeAfterMethod.cleanUp(GoogleApplicationWithBeforeAfterMethod.java:35)
at basictestng.GoogleApplicationWithBeforeAfterMethod.cleanUp(GoogleApplicationWithBeforeAfterMethod.java:35)
at basictestng.GoogleApplicationWithBeforeAfterMethod.cleanUp(GoogleApplicationWithBeforeAfterMethod.java:35)
at basictestng.GoogleApplicationWithBeforeAfterMethod.cleanUp(GoogleApplicationWithBeforeAfterMethod.java:35)
at basictestng.GoogleApplicationWithBeforeAfterMethod.cleanUp(GoogleApplicationWithBeforeAfterMethod.java:35)
at basictestng.GoogleApplicationWithBeforeAfterMethod.cleanUp(GoogleApplicationWithBeforeAfterMethod.java:35)
[...]
at basictestng.GoogleApplicationWithBeforeAfter.cleanUp(GoogleApplicationWithBeforeAfter.java:46)
at basictestng.GoogleApplicationWithBeforeAfter.cleanUp(GoogleApplicationWithBeforeAfter.java:46)
at basictestng.GoogleApplicationWithBeforeAfter.cleanUp(GoogleApplicationWithBeforeAfter.java:46)
at basictestng.GoogleApplicationWithBeforeAfter.cleanUp(GoogleApplicationWithBeforeAfter.java:46)
at basictestng.GoogleApplicationWithBeforeAfter.cleanUp(GoogleApplicationWithBeforeAfter.java:46)
at basictestng.GoogleApplicationWithBeforeAfter.cleanUp(GoogleApplicationWithBeforeAfter.java:46)
at basictestng.GoogleApplicationWithBeforeAfter.cleanUp(GoogleApplicationWithBeforeAfter.java:46)
at basictestng.GoogleApplicationWithBeforeAfter.cleanUp(GoogleApplicationWithBeforeAfter.java:46)
at basictestng.GoogleApplicationWithBeforeAfter.cleanUp(GoogleApplicationWithBeforeAfter.java:46)
at basictestng.GoogleApplicationWithBeforeAfter.cleanUp(GoogleApplicationWithBeforeAfter.java:46)
at basictestng.GoogleApplicationWithBeforeAfter.cleanUp(GoogleApplicationWithBeforeAfter.java:46)
at basictestng.GoogleApplicationWithBeforeAfter.cleanUp(GoogleApplicationWithBeforeAfter.java:46)
at basictestng.GoogleApplicationWithBeforeAfter.cleanUp(GoogleApplicationWithBeforeAfter.java:46)
at basictestng.GoogleApplicationWithBeforeAfter.cleanUp(GoogleApplicationWithBeforeAfter.java:46)
at basictestng.GoogleApplicationWithBeforeAfter.cleanUp(GoogleApplicationWithBeforeAfter.java:46)
at basictestng.GoogleApplicationWithBeforeAfter.cleanUp(GoogleApplicationWithBeforeAfter.java:46)
at basictestng.GoogleApplicationWithBeforeAfter.cleanUp(GoogleApplicationWithBeforeAfter.java:46)
at basictestng.GoogleApplicationWithBeforeAfter.cleanUp(GoogleApplicationWithBeforeAfter.java:46)
at basictestng.GoogleApplicationWithBeforeAfter.cleanUp(GoogleApplicationWithBeforeAfter.java:46)
at basictestng.GoogleApplicationWithBeforeAfter.cleanUp(GoogleApplicationWithBeforeAfter.java:46)
at basictestng.GoogleApplicationWithBeforeAfter.cleanUp(GoogleApplicationWithBeforeAfter.java:46)
at basictestng.GoogleApplicationWithBeforeAfter.cleanUp(GoogleApplicationWithBeforeAfter.java:46)
at basictestng.GoogleApplicationWithBeforeAfter.cleanUp(GoogleApplicationWithBeforeAfter.java:46)
at basictestng.GoogleApplicationWithBeforeAfter.cleanUp(GoogleApplicationWithBeforeAfter.java:46)
at basictestng.GoogleApplicationWithBeforeAfter.cleanUp(GoogleApplicationWithBeforeAfter.java:46)
at basictestng.GoogleApplicationWithBeforeAfter.cleanUp(GoogleApplicationWithBeforeAfter.java:46)
at basictestng.GoogleApplicationWithBeforeAfter.cleanUp(GoogleApplicationWithBeforeAfter.java:46)
at basictestng.GoogleApplicationWithBeforeAfter.cleanUp(GoogleApplicationWithBeforeAfter.java:46)
at basictestng.GoogleApplicationWithBeforeAfter.cleanUp(GoogleApplicationWithBeforeAfter.java:46)
at basictestng.GoogleApplicationWithBeforeAfter.cleanUp(GoogleApplicationWithBeforeAfter.java:46)
at basictestng.GoogleApplicationWithBeforeAfter.cleanUp(GoogleApplicationWithBeforeAfter.java:46)
at basictestng.GoogleApplicationWithBeforeAfter.cleanUp(GoogleApplicationWithBeforeAfter.java:46)
at basictestng.GoogleApplicationWithBeforeAfter.cleanUp(GoogleApplicationWithBeforeAfter.java:46)
at basictestng.GoogleApplicationWithBeforeAfter.cleanUp(GoogleApplicationWithBeforeAfter.java:46)
at basictestng.GoogleApplicationWithBeforeAfter.cleanUp(GoogleApplicationWithBeforeAfter.java:46)
at basictestng.GoogleApplicationWithBeforeAfter.cleanUp(GoogleApplicationWithBeforeAfter.java:46)
at basictestng.GoogleApplicationWithBeforeAfter.cleanUp(GoogleApplicationWithBeforeAfter.java:46)
at basictestng.GoogleApplicationWithBeforeAfter.cleanUp(GoogleApplicationWithBeforeAfter.java:46)
at basictestng.GoogleApplicationWithBeforeAfter.cleanUp(GoogleApplicationWithBeforeAfter.java:46)
at basictestng.GoogleApplicationWithBeforeAfter.cleanUp(GoogleApplicationWithBeforeAfter.java:46)
at basictestng.GoogleApplicationWithBeforeAfter.cleanUp(GoogleApplicationWithBeforeAfter.java:46)
at basictestng.GoogleApplicationWithBeforeAfter.cleanUp(GoogleApplicationWithBeforeAfter.java:46)
at basictestng.GoogleApplicationWithBeforeAfter.cleanUp(GoogleApplicationWithBeforeAfter.java:46)
at basictestng.GoogleApplicationWithBeforeAfter.cleanUp(GoogleApplicationWithBeforeAfter.java:46)
at basictestng.GoogleApplicationWithBeforeAfter.cleanUp(GoogleApplicationWithBeforeAfter.java:46)
at basictestng.GoogleApplicationWithBeforeAfter.cleanUp(GoogleApplicationWithBeforeAfter.java:46)
at basictestng.GoogleApplicationWithBeforeAfter.cleanUp(GoogleApplicationWithBeforeAfter.java:46)
at basictestng.GoogleApplicationWithBeforeAfter.cleanUp(GoogleApplicationWithBeforeAfter.java:46)
at basictestng.GoogleApplicationWithBeforeAfter.cleanUp(GoogleApplicationWithBeforeAfter.java:46)
at basictestng.GoogleApplicationWithBeforeAfter.cleanUp(GoogleApplicationWithBeforeAfter.java:46)
at basictestng.GoogleApplicationWithBeforeAfter.cleanUp(GoogleApplicationWithBeforeAfter.java:46)
at basictestng.GoogleApplicationWithBeforeAfter.cleanUp(GoogleApplicationWithBeforeAfter.java:46)
at basictestng.GoogleApplicationWithBeforeAfter.cleanUp(GoogleApplicationWithBeforeAfter.java:46)
at basictestng.GoogleApplicationWithBeforeAfter.cleanUp(GoogleApplicationWithBeforeAfter.java:46)
at basictestng.GoogleApplicationWithBeforeAfter.cleanUp(GoogleApplicationWithBeforeAfter.java:46)
at basictestng.GoogleApplicationWithBeforeAfter.cleanUp(GoogleApplicationWithBeforeAfter.java:46)
at basictestng.GoogleApplicationWithBeforeAfter.cleanUp(GoogleApplicationWithBeforeAfter.java:46)
at basictestng.GoogleApplicationWithBeforeAfter.cleanUp(GoogleApplicationWithBeforeAfter.java:46)
at basictestng.GoogleApplicationWithBeforeAfter.cleanUp(GoogleApplicationWithBeforeAfter.java:46)
at basictestng.GoogleApplicationWithBeforeAfter.cleanUp(GoogleApplicationWithBeforeAfter.java:46)
at basictestng.GoogleApplicationWithBeforeAfter.cleanUp(GoogleApplicationWithBeforeAfter.java:46)
at basictestng.GoogleApplicationWithBeforeAfter.cleanUp(GoogleApplicationWithBeforeAfter.java:46)
at basictestng.GoogleApplicationWithBeforeAfter.cleanUp(GoogleApplicationWithBeforeAfter.java:46)
at basictestng.GoogleApplicationWithBeforeAfter.cleanUp(GoogleApplicationWithBeforeAfter.java:46)
at basictestng.GoogleApplicationWithBeforeAfter.cleanUp(GoogleApplicationWithBeforeAfter.java:46)
at basictestng.GoogleApplicationWithBeforeAfter.cleanUp(GoogleApplicationWithBeforeAfter.java:46)
at basictestng.GoogleApplicationWithBeforeAfter.cleanUp(GoogleApplicationWithBeforeAfter.java:46)
at basictestng.GoogleApplicationWithBeforeAfter.cleanUp(GoogleApplicationWithBeforeAfter.java:46)
at basictestng.GoogleApplicationWithBeforeAfter.cleanUp(GoogleApplicationWithBeforeAfter.java:46)
at basictestng.GoogleApplicationWithBeforeAfter.cleanUp(GoogleApplicationWithBeforeAfter.java:46)
at basictestng.GoogleApplicationWithBeforeAfter.cleanUp(GoogleApplicationWithBeforeAfter.java:46)
at basictestng.GoogleApplicationWithBeforeAfter.cleanUp(GoogleApplicationWithBeforeAfter.java:46)
at basictestng.GoogleApplicationWithBeforeAfter.cleanUp(GoogleApplicationWithBeforeAfter.java:46)
at basictestng.GoogleApplicationWithBeforeAfter.cleanUp(GoogleApplicationWithBeforeAfter.java:46)
at basictestng.GoogleApplicationWithBeforeAfter.cleanUp(GoogleApplicationWithBeforeAfter.java:46)
at basictestng.GoogleApplicationWithBeforeAfter.cleanUp(GoogleApplicationWithBeforeAfter.java:46)
at basictestng.GoogleApplicationWithBeforeAfter.cleanUp(GoogleApplicationWithBeforeAfter.java:46)
at basictestng.GoogleApplicationWithBeforeAfter.cleanUp(GoogleApplicationWithBeforeAfter.java:46)
at basictestng.GoogleApplicationWithBeforeAfter.cleanUp(GoogleApplicationWithBeforeAfter.java:46)
]]>
    </failure>
  </testcase> <!-- @AfterTest cleanUp -->
  <testcase classname="basictestng.GoogleApplicationWithBeforeAfterTest" name="@AfterTest cleanUp" time="0.0">
    <skipped/>
  </testcase> <!-- @AfterTest cleanUp -->
  <testcase classname="basictestng.TestCaseDependency" name="@AfterTest cleanUp" time="0.0">
    <skipped/>
  </testcase> <!-- @AfterTest cleanUp -->
  <testcase classname="basictestng.Sample4" name="a_signUp" time="0.013"/>
  <testcase classname="basictestng.Sample4" name="b_login" time="0.002"/>
  <testcase classname="basictestng.Sample4" name="c_compose" time="0.003"/>
  <testcase classname="basictestng.Sample3" name="compose" time="0.002"/>
  <testcase classname="basictestng.Sample3" name="login" time="0.002"/>
  <testcase classname="basictestng.Sample3" name="signUp" time="0.002"/>
  <testcase classname="basictestng.Sample2" name="testCase1" time="0.002"/>
  <testcase classname="basictestng.Sample2" name="testCase2" time="0.002"/>
  <testcase classname="basictestng.Sample2" name="testCase3" time="0.002"/>
  <testcase classname="basictestng.Sample1" name="testCase1" time="0.002"/>
  <testcase classname="basictestng.Actitime" name="a_openBrowserAndAppURL" time="16.852"/>
  <testcase classname="basictestng.Actitime" name="b_login" time="0.28"/>
  <testcase classname="basictestng.Actitime" name="c_createTask" time="0.002"/>
  <testcase classname="basictestng.Actitime" name="d_logoutClose" time="0.002"/>
  <testcase classname="basictestng.FirstTestNgWebScript" name="testCase1" time="16.364"/>
  <testcase classname="basictestng.TestCaseDependency" name="testGoogleLandingPage" time="0.065"/>
  <testcase classname="basictestng.TestCaseDependency" name="testSearch" time="8.32"/>
  <testcase classname="basictestng.MultipleTestMethodInClass" name="testCaseCreation" time="0.002"/>
  <testcase classname="basictestng.MultipleTestMethodInClass" name="testCaseDeletion" time="0.002"/>
  <testcase classname="basictestng.MultipleTestMethodInClass" name="testCaseLogin" time="0.001"/>
  <testcase classname="basictestng.MultipleTestMethodInClass" name="testCaseSignup" time="0.002"/>
  <testcase classname="basictestng.GoogleApplicationWithBeforeAfter" name="testReportsPage" time="4.253">
    <failure type="org.openqa.selenium.NoSuchSessionException" message="invalid session id
Build info: version: &amp;apos;3.141.59&amp;apos;, revision: &amp;apos;e82be7d358&amp;apos;, time: &amp;apos;2018-11-14T08:17:03&amp;apos;
System info: host: &amp;apos;DELL-PC&amp;apos;, ip: &amp;apos;192.168.174.110&amp;apos;, os.name: &amp;apos;Windows 7&amp;apos;, os.arch: &amp;apos;amd64&amp;apos;, os.version: &amp;apos;6.1&amp;apos;, java.version: &amp;apos;16.0.1&amp;apos;
Driver info: org.openqa.selenium.chrome.ChromeDriver
Capabilities {acceptInsecureCerts: false, browserName: chrome, browserVersion: 106.0.5249.119, chrome: {chromedriverVersion: 106.0.5249.61 (511755355844..., userDataDir: C:\Users\DELL\AppData\Local...}, goog:chromeOptions: {debuggerAddress: localhost:49689}, javascriptEnabled: true, networkConnectionEnabled: false, pageLoadStrategy: normal, platform: WINDOWS, platformName: WINDOWS, proxy: Proxy(), setWindowRect: true, strictFileInteractability: false, timeouts: {implicit: 0, pageLoad: 300000, script: 30000}, unhandledPromptBehavior: dismiss and notify, webauthn:extension:credBlob: true, webauthn:extension:largeBlob: true, webauthn:virtualAuthenticators: true}
Session ID: 253f59fb564d1f937df1b83121b419bb">
      <![CDATA[org.openqa.selenium.NoSuchSessionException: invalid session id
Build info: version: '3.141.59', revision: 'e82be7d358', time: '2018-11-14T08:17:03'
System info: host: 'DELL-PC', ip: '192.168.174.110', os.name: 'Windows 7', os.arch: 'amd64', os.version: '6.1', java.version: '16.0.1'
Driver info: org.openqa.selenium.chrome.ChromeDriver
Capabilities {acceptInsecureCerts: false, browserName: chrome, browserVersion: 106.0.5249.119, chrome: {chromedriverVersion: 106.0.5249.61 (511755355844..., userDataDir: C:\Users\DELL\AppData\Local...}, goog:chromeOptions: {debuggerAddress: localhost:49689}, javascriptEnabled: true, networkConnectionEnabled: false, pageLoadStrategy: normal, platform: WINDOWS, platformName: WINDOWS, proxy: Proxy(), setWindowRect: true, strictFileInteractability: false, timeouts: {implicit: 0, pageLoad: 300000, script: 30000}, unhandledPromptBehavior: dismiss and notify, webauthn:extension:credBlob: true, webauthn:extension:largeBlob: true, webauthn:virtualAuthenticators: true}
Session ID: 253f59fb564d1f937df1b83121b419bb
at org.openqa.selenium.remote.http.W3CHttpResponseCodec.createException(W3CHttpResponseCodec.java:187)
at org.openqa.selenium.remote.http.W3CHttpResponseCodec.decode(W3CHttpResponseCodec.java:122)
at org.openqa.selenium.remote.http.W3CHttpResponseCodec.decode(W3CHttpResponseCodec.java:49)
at org.openqa.selenium.remote.HttpCommandExecutor.execute(HttpCommandExecutor.java:158)
at org.openqa.selenium.remote.service.DriverCommandExecutor.execute(DriverCommandExecutor.java:83)
at org.openqa.selenium.remote.RemoteWebDriver.execute(RemoteWebDriver.java:552)
at org.openqa.selenium.remote.RemoteWebDriver.execute(RemoteWebDriver.java:609)
at org.openqa.selenium.remote.RemoteWebDriver.getTitle(RemoteWebDriver.java:281)
at utilities.SeleniumUtility.getCurrentTitleOfApplication(SeleniumUtility.java:130)
at basictestng.GoogleApplicationWithBeforeAfter.testReportsPage(GoogleApplicationWithBeforeAfter.java:36)
... Removed 30 stack frames]]>
    </failure>
  </testcase> <!-- testReportsPage -->
  <testcase classname="basictestng.GoogleApplicationWithBeforeAfter" name="testVtigerHomePage" time="0.005">
    <failure type="org.openqa.selenium.NoSuchSessionException" message="invalid session id
Build info: version: &amp;apos;3.141.59&amp;apos;, revision: &amp;apos;e82be7d358&amp;apos;, time: &amp;apos;2018-11-14T08:17:03&amp;apos;
System info: host: &amp;apos;DELL-PC&amp;apos;, ip: &amp;apos;192.168.174.110&amp;apos;, os.name: &amp;apos;Windows 7&amp;apos;, os.arch: &amp;apos;amd64&amp;apos;, os.version: &amp;apos;6.1&amp;apos;, java.version: &amp;apos;16.0.1&amp;apos;
Driver info: org.openqa.selenium.chrome.ChromeDriver
Capabilities {acceptInsecureCerts: false, browserName: chrome, browserVersion: 106.0.5249.119, chrome: {chromedriverVersion: 106.0.5249.61 (511755355844..., userDataDir: C:\Users\DELL\AppData\Local...}, goog:chromeOptions: {debuggerAddress: localhost:49689}, javascriptEnabled: true, networkConnectionEnabled: false, pageLoadStrategy: normal, platform: WINDOWS, platformName: WINDOWS, proxy: Proxy(), setWindowRect: true, strictFileInteractability: false, timeouts: {implicit: 0, pageLoad: 300000, script: 30000}, unhandledPromptBehavior: dismiss and notify, webauthn:extension:credBlob: true, webauthn:extension:largeBlob: true, webauthn:virtualAuthenticators: true}
Session ID: 253f59fb564d1f937df1b83121b419bb">
      <![CDATA[org.openqa.selenium.NoSuchSessionException: invalid session id
Build info: version: '3.141.59', revision: 'e82be7d358', time: '2018-11-14T08:17:03'
System info: host: 'DELL-PC', ip: '192.168.174.110', os.name: 'Windows 7', os.arch: 'amd64', os.version: '6.1', java.version: '16.0.1'
Driver info: org.openqa.selenium.chrome.ChromeDriver
Capabilities {acceptInsecureCerts: false, browserName: chrome, browserVersion: 106.0.5249.119, chrome: {chromedriverVersion: 106.0.5249.61 (511755355844..., userDataDir: C:\Users\DELL\AppData\Local...}, goog:chromeOptions: {debuggerAddress: localhost:49689}, javascriptEnabled: true, networkConnectionEnabled: false, pageLoadStrategy: normal, platform: WINDOWS, platformName: WINDOWS, proxy: Proxy(), setWindowRect: true, strictFileInteractability: false, timeouts: {implicit: 0, pageLoad: 300000, script: 30000}, unhandledPromptBehavior: dismiss and notify, webauthn:extension:credBlob: true, webauthn:extension:largeBlob: true, webauthn:virtualAuthenticators: true}
Session ID: 253f59fb564d1f937df1b83121b419bb
at org.openqa.selenium.remote.http.W3CHttpResponseCodec.createException(W3CHttpResponseCodec.java:187)
at org.openqa.selenium.remote.http.W3CHttpResponseCodec.decode(W3CHttpResponseCodec.java:122)
at org.openqa.selenium.remote.http.W3CHttpResponseCodec.decode(W3CHttpResponseCodec.java:49)
at org.openqa.selenium.remote.HttpCommandExecutor.execute(HttpCommandExecutor.java:158)
at org.openqa.selenium.remote.service.DriverCommandExecutor.execute(DriverCommandExecutor.java:83)
at org.openqa.selenium.remote.RemoteWebDriver.execute(RemoteWebDriver.java:552)
at org.openqa.selenium.remote.RemoteWebDriver.execute(RemoteWebDriver.java:609)
at org.openqa.selenium.remote.RemoteWebDriver.getTitle(RemoteWebDriver.java:281)
at utilities.SeleniumUtility.getCurrentTitleOfApplication(SeleniumUtility.java:130)
at basictestng.GoogleApplicationWithBeforeAfter.testVtigerHomePage(GoogleApplicationWithBeforeAfter.java:29)
... Removed 30 stack frames]]>
    </failure>
  </testcase> <!-- testVtigerHomePage -->
  <testcase classname="basictestng.Actitime_InvocationCount" name="openBrowserAndAppURL" time="0.002"/>
  <testcase classname="basictestng.Actitime_InvocationCount" name="openBrowserAndAppURL" time="0.001"/>
  <testcase classname="basictestng.Actitime_InvocationCount" name="openBrowserAndAppURL" time="0.001"/>
  <testcase classname="basictestng.Actitime_InvocationCount" name="openBrowserAndAppURL" time="0.002"/>
  <testcase classname="basictestng.Actitime_InvocationCount" name="openBrowserAndAppURL" time="0.001"/>
  <testcase classname="basictestng.Actitime_ExceptionAndTimeout" name="dividedByZeroExample1" time="0.002"/>
  <testcase classname="basictestng.Actitime_ExceptionAndTimeout" name="executetimeOut" time="0.015"/>
  <testcase classname="basictestng.Actitime_Timeout" name="openBrowserAndAppURL" time="0.186"/>
  <testcase classname="basictestng.Actitime_Enabled" name="createTask" time="0.001"/>
  <testcase classname="basictestng.Actitime_Enabled" name="openBrowserAndAppURL" time="0.001"/>
  <testcase classname="basictestng.ClassLabelAnnotations" name="testCase1" time="0.001"/>
  <testcase classname="basictestng.ClassLabelAnnotations" name="testCase2" time="0.0"/>
  <testcase classname="basictestng.ClassLabelAnnotations" name="testCase3" time="0.001"/>
  <testcase classname="basictestng.ClassLabelAnnotations" name="testCase4" time="0.001"/>
  <testcase classname="basictestng.Actitime_DependsOn" name="createTask" time="0.001"/>
  <testcase classname="basictestng.Actitime_DependsOn" name="logoutClose" time="0.001"/>
  <testcase classname="basictestng.Actitime_DependsOn" name="openBrowserAndAppURL" time="0.001">
    <failure type="java.lang.ArithmeticException" message="/ by zero">
      <![CDATA[java.lang.ArithmeticException: / by zero
at basictestng.Actitime_DependsOn.openBrowserAndAppURL(Actitime_DependsOn.java:7)
... Removed 25 stack frames]]>
    </failure>
  </testcase> <!-- openBrowserAndAppURL -->
  <testcase classname="basictestng.Actitime_DependsOn" name="login" time="0.0">
    <skipped/>
  </testcase> <!-- login -->
  <testcase classname="basictestng.GoogleApplicationWithBeforeAfterMethod" name="testGoogleLandingPage" time="0.015"/>
  <testcase classname="basictestng.GoogleApplicationWithBeforeAfterMethod" name="testSearch" time="0.0">
    <skipped/>
  </testcase> <!-- testSearch -->
  <testcase classname="basictestng.GoogleApplicationWithBeforeAfterTest" name="testGoogleLandingPage" time="0.058"/>
  <testcase classname="basictestng.GoogleApplicationWithBeforeAfterTest" name="testSearch" time="5.705"/>
  <testcase classname="basictestng.TestCaseExecutionControl" name="testCaseSignup" time="0.001"/>
  <testcase classname="basictestng.AnnotationList" name="f5" time="0.001"/>
  <testcase classname="basictestng.Annotations" name="taskCreation" time="0.001"/>
  <testcase classname="basictestng.Actitime_Enabled" name="login" time="0.0">
    <ignored/>
  </testcase> <!-- login -->
  <testcase classname="basictestng.TestCaseExecutionControl" name="testCaseDeletion" time="0.0">
    <ignored/>
  </testcase> <!-- testCaseDeletion -->
  <testcase classname="basictestng.Actitime_Enabled" name="logoutClose" time="0.0">
    <ignored/>
  </testcase> <!-- logoutClose -->
</testsuite> <!-- RegressionTest -->
